#  E (eV)   dos(E)     Int dos(E) EFermi =    4.732 eV
 -10.000  0.6246E-84  0.6246E-86
  -9.990  0.6246E-84  0.1249E-85
  -9.980  0.6246E-84  0.1874E-85
  -9.970  0.6246E-84  0.2498E-85
  -9.960  0.6246E-84  0.3123E-85
  -9.950  0.6246E-84  0.3748E-85
  -9.940  0.6246E-84  0.4372E-85
  -9.930  0.6246E-84  0.4997E-85
  -9.920  0.6246E-84  0.5622E-85
  -9.910  0.6246E-84  0.6246E-85
  -9.900  0.6246E-84  0.6871E-85
  -9.890  0.6246E-84  0.7495E-85
  -9.880  0.6246E-84  0.8120E-85
  -9.870  0.6246E-84  0.8745E-85
  -9.860  0.6246E-84  0.9369E-85
  -9.850  0.6246E-84  0.9994E-85
  -9.840  0.6246E-84  0.1062E-84
  -9.830  0.6246E-84  0.1124E-84
  -9.820  0.6246E-84  0.1187E-84
  -9.810  0.6246E-84  0.1249E-84
  -9.800  0.6246E-84  0.1312E-84
  -9.790  0.6246E-84  0.1374E-84
  -9.780  0.6246E-84  0.1437E-84
  -9.770  0.6246E-84  0.1499E-84
  -9.760  0.6246E-84  0.1562E-84
  -9.750  0.6246E-84  0.1624E-84
  -9.740  0.6246E-84  0.1686E-84
  -9.730  0.6246E-84  0.1749E-84
  -9.720  0.6246E-84  0.1811E-84
  -9.710  0.6246E-84  0.1874E-84
  -9.700  0.6246E-84  0.1936E-84
  -9.690  0.6246E-84  0.1999E-84
  -9.680  0.6246E-84  0.2061E-84
  -9.670  0.6246E-84  0.2124E-84
  -9.660  0.6246E-84  0.2186E-84
  -9.650  0.6246E-84  0.2249E-84
  -9.640  0.6246E-84  0.2311E-84
  -9.630  0.6246E-84  0.2374E-84
  -9.620  0.6246E-84  0.2436E-84
  -9.610  0.6246E-84  0.2498E-84
  -9.600  0.6246E-84  0.2561E-84
  -9.590  0.6246E-84  0.2623E-84
  -9.580  0.6246E-84  0.2686E-84
  -9.570  0.6246E-84  0.2748E-84
  -9.560  0.6246E-84  0.2811E-84
  -9.550  0.6246E-84  0.2873E-84
  -9.540  0.6246E-84  0.2936E-84
  -9.530  0.6246E-84  0.2998E-84
  -9.520  0.6246E-84  0.3061E-84
  -9.510  0.6246E-84  0.3123E-84
  -9.500  0.6246E-84  0.3186E-84
  -9.490  0.6246E-84  0.3248E-84
  -9.480  0.6246E-84  0.3311E-84
  -9.470  0.6246E-84  0.3373E-84
  -9.460  0.6246E-84  0.3435E-84
  -9.450  0.6246E-84  0.3498E-84
  -9.440  0.6246E-84  0.3560E-84
  -9.430  0.6246E-84  0.3623E-84
  -9.420  0.6246E-84  0.3685E-84
  -9.410  0.6246E-84  0.3748E-84
  -9.400  0.6246E-84  0.3810E-84
  -9.390  0.6246E-84  0.3873E-84
  -9.380  0.6246E-84  0.3935E-84
  -9.370  0.6246E-84  0.3998E-84
  -9.360  0.6246E-84  0.4060E-84
  -9.350  0.6246E-84  0.4123E-84
  -9.340  0.6246E-84  0.4185E-84
  -9.330  0.6246E-84  0.4247E-84
  -9.320  0.6246E-84  0.4310E-84
  -9.310  0.6246E-84  0.4372E-84
  -9.300  0.6246E-84  0.4435E-84
  -9.290  0.6246E-84  0.4497E-84
  -9.280  0.6246E-84  0.4560E-84
  -9.270  0.6246E-84  0.4622E-84
  -9.260  0.6246E-84  0.4685E-84
  -9.250  0.6246E-84  0.4747E-84
  -9.240  0.6246E-84  0.4810E-84
  -9.230  0.6246E-84  0.4872E-84
  -9.220  0.6246E-84  0.4935E-84
  -9.210  0.6246E-84  0.4997E-84
  -9.200  0.6246E-84  0.5059E-84
  -9.190  0.6246E-84  0.5122E-84
  -9.180  0.6246E-84  0.5184E-84
  -9.170  0.6246E-84  0.5247E-84
  -9.160  0.6246E-84  0.5309E-84
  -9.150  0.6246E-84  0.5372E-84
  -9.140  0.6246E-84  0.5434E-84
  -9.130  0.6246E-84  0.5497E-84
  -9.120  0.6246E-84  0.5559E-84
  -9.110  0.6246E-84  0.5622E-84
  -9.100  0.6246E-84  0.5684E-84
  -9.090  0.6246E-84  0.5747E-84
  -9.080  0.6246E-84  0.5809E-84
  -9.070  0.6246E-84  0.5871E-84
  -9.060  0.6246E-84  0.5934E-84
  -9.050  0.6246E-84  0.5996E-84
  -9.040  0.6246E-84  0.6059E-84
  -9.030  0.6246E-84  0.6121E-84
  -9.020  0.6246E-84  0.6184E-84
  -9.010  0.6246E-84  0.6246E-84
  -9.000  0.6246E-84  0.6309E-84
  -8.990  0.6246E-84  0.6371E-84
  -8.980  0.6246E-84  0.6434E-84
  -8.970  0.6246E-84  0.6496E-84
  -8.960  0.6246E-84  0.6559E-84
  -8.950  0.6246E-84  0.6621E-84
  -8.940  0.6246E-84  0.6683E-84
  -8.930  0.6246E-84  0.6746E-84
  -8.920  0.6246E-84  0.6808E-84
  -8.910  0.6246E-84  0.6871E-84
  -8.900  0.6246E-84  0.6933E-84
  -8.890  0.6246E-84  0.6996E-84
  -8.880  0.6246E-84  0.7058E-84
  -8.870  0.6246E-84  0.7121E-84
  -8.860  0.6246E-84  0.7183E-84
  -8.850  0.6246E-84  0.7246E-84
  -8.840  0.6246E-84  0.7308E-84
  -8.830  0.6246E-84  0.7371E-84
  -8.820  0.6246E-84  0.7433E-84
  -8.810  0.6246E-84  0.7495E-84
  -8.800  0.6246E-84  0.7558E-84
  -8.790  0.6246E-84  0.7620E-84
  -8.780  0.6246E-84  0.7683E-84
  -8.770  0.6246E-84  0.7745E-84
  -8.760  0.6246E-84  0.7808E-84
  -8.750  0.6246E-84  0.7870E-84
  -8.740  0.6246E-84  0.7933E-84
  -8.730  0.6246E-84  0.7995E-84
  -8.720  0.6246E-84  0.8058E-84
  -8.710  0.6246E-84  0.8120E-84
  -8.700  0.6246E-84  0.8183E-84
  -8.690  0.6246E-84  0.8245E-84
  -8.680  0.6246E-84  0.8307E-84
  -8.670  0.6246E-84  0.8370E-84
  -8.660  0.6246E-84  0.8432E-84
  -8.650  0.6246E-84  0.8495E-84
  -8.640  0.6246E-84  0.8557E-84
  -8.630  0.6246E-84  0.8620E-84
  -8.620  0.6246E-84  0.8682E-84
  -8.610  0.6246E-84  0.8745E-84
  -8.600  0.6246E-84  0.8807E-84
  -8.590  0.6246E-84  0.8870E-84
  -8.580  0.6246E-84  0.8932E-84
  -8.570  0.6246E-84  0.8995E-84
  -8.560  0.6246E-84  0.9057E-84
  -8.550  0.6246E-84  0.9120E-84
  -8.540  0.6246E-84  0.9182E-84
  -8.530  0.6246E-84  0.9244E-84
  -8.520  0.6246E-84  0.9307E-84
  -8.510  0.6246E-84  0.9369E-84
  -8.500  0.6246E-84  0.9432E-84
  -8.490  0.6246E-84  0.9494E-84
  -8.480  0.6246E-84  0.9557E-84
  -8.470  0.6246E-84  0.9619E-84
  -8.460  0.6246E-84  0.9682E-84
  -8.450  0.6246E-84  0.9744E-84
  -8.440  0.6246E-84  0.9807E-84
  -8.430  0.6246E-84  0.9869E-84
  -8.420  0.6246E-84  0.9932E-84
  -8.410  0.6246E-84  0.9994E-84
  -8.400  0.6246E-84  0.1006E-83
  -8.390  0.6246E-84  0.1012E-83
  -8.380  0.6246E-84  0.1018E-83
  -8.370  0.6246E-84  0.1024E-83
  -8.360  0.6246E-84  0.1031E-83
  -8.350  0.6246E-84  0.1037E-83
  -8.340  0.6246E-84  0.1043E-83
  -8.330  0.6246E-84  0.1049E-83
  -8.320  0.6246E-84  0.1056E-83
  -8.310  0.6246E-84  0.1062E-83
  -8.300  0.6246E-84  0.1068E-83
  -8.290  0.6246E-84  0.1074E-83
  -8.280  0.6246E-84  0.1081E-83
  -8.270  0.6246E-84  0.1087E-83
  -8.260  0.6246E-84  0.1093E-83
  -8.250  0.6246E-84  0.1099E-83
  -8.240  0.6246E-84  0.1106E-83
  -8.230  0.6246E-84  0.1112E-83
  -8.220  0.6246E-84  0.1118E-83
  -8.210  0.6246E-84  0.1124E-83
  -8.200  0.6246E-84  0.1131E-83
  -8.190  0.6246E-84  0.1137E-83
  -8.180  0.6246E-84  0.1143E-83
  -8.170  0.6246E-84  0.1149E-83
  -8.160  0.6246E-84  0.1156E-83
  -8.150  0.6246E-84  0.1162E-83
  -8.140  0.6246E-84  0.1168E-83
  -8.130  0.6246E-84  0.1174E-83
  -8.120  0.6246E-84  0.1181E-83
  -8.110  0.6246E-84  0.1187E-83
  -8.100  0.6246E-84  0.1193E-83
  -8.090  0.6246E-84  0.1199E-83
  -8.080  0.6246E-84  0.1206E-83
  -8.070  0.6246E-84  0.1212E-83
  -8.060  0.6246E-84  0.1218E-83
  -8.050  0.6246E-84  0.1224E-83
  -8.040  0.6246E-84  0.1231E-83
  -8.030  0.6246E-84  0.1237E-83
  -8.020  0.6246E-84  0.1243E-83
  -8.010  0.6246E-84  0.1249E-83
  -8.000  0.6246E-84  0.1255E-83
  -7.990  0.6246E-84  0.1262E-83
  -7.980  0.6246E-84  0.1268E-83
  -7.970  0.6246E-84  0.1274E-83
  -7.960  0.6246E-84  0.1280E-83
  -7.950  0.6246E-84  0.1287E-83
  -7.940  0.6246E-84  0.1293E-83
  -7.930  0.6246E-84  0.1299E-83
  -7.920  0.6246E-84  0.1305E-83
  -7.910  0.6246E-84  0.1312E-83
  -7.900  0.6246E-84  0.1318E-83
  -7.890  0.6246E-84  0.1324E-83
  -7.880  0.6246E-84  0.1330E-83
  -7.870  0.6246E-84  0.1337E-83
  -7.860  0.6246E-84  0.1343E-83
  -7.850  0.6246E-84  0.1349E-83
  -7.840  0.6246E-84  0.1355E-83
  -7.830  0.6246E-84  0.1362E-83
  -7.820  0.6246E-84  0.1368E-83
  -7.810  0.6246E-84  0.1374E-83
  -7.800  0.6246E-84  0.1380E-83
  -7.790  0.6246E-84  0.1387E-83
  -7.780  0.6246E-84  0.1393E-83
  -7.770  0.6246E-84  0.1399E-83
  -7.760  0.6246E-84  0.1405E-83
  -7.750  0.6246E-84  0.1412E-83
  -7.740  0.6246E-84  0.1418E-83
  -7.730  0.6246E-84  0.1424E-83
  -7.720  0.6246E-84  0.1430E-83
  -7.710  0.6246E-84  0.1437E-83
  -7.700  0.6246E-84  0.1443E-83
  -7.690  0.6246E-84  0.1449E-83
  -7.680  0.6246E-84  0.1455E-83
  -7.670  0.6246E-84  0.1462E-83
  -7.660  0.6246E-84  0.1468E-83
  -7.650  0.6246E-84  0.1474E-83
  -7.640  0.6246E-84  0.1480E-83
  -7.630  0.6246E-84  0.1487E-83
  -7.620  0.6246E-84  0.1493E-83
  -7.610  0.6246E-84  0.1499E-83
  -7.600  0.6246E-84  0.1505E-83
  -7.590  0.6246E-84  0.1512E-83
  -7.580  0.6246E-84  0.1518E-83
  -7.570  0.6246E-84  0.1524E-83
  -7.560  0.6246E-84  0.1530E-83
  -7.550  0.6246E-84  0.1537E-83
  -7.540  0.6246E-84  0.1543E-83
  -7.530  0.6246E-84  0.1549E-83
  -7.520  0.6246E-84  0.1555E-83
  -7.510  0.6246E-84  0.1562E-83
  -7.500  0.6246E-84  0.1568E-83
  -7.490  0.6246E-84  0.1574E-83
  -7.480  0.6246E-84  0.1580E-83
  -7.470  0.6246E-84  0.1587E-83
  -7.460  0.6246E-84  0.1593E-83
  -7.450  0.6246E-84  0.1599E-83
  -7.440  0.6246E-84  0.1605E-83
  -7.430  0.6246E-84  0.1612E-83
  -7.420  0.6246E-84  0.1618E-83
  -7.410  0.6246E-84  0.1624E-83
  -7.400  0.6246E-84  0.1630E-83
  -7.390  0.6246E-84  0.1637E-83
  -7.380  0.6246E-84  0.1643E-83
  -7.370  0.6246E-84  0.1649E-83
  -7.360  0.6246E-84  0.1655E-83
  -7.350  0.6246E-84  0.1661E-83
  -7.340  0.6246E-84  0.1668E-83
  -7.330  0.6246E-84  0.1674E-83
  -7.320  0.6246E-84  0.1680E-83
  -7.310  0.6246E-84  0.1686E-83
  -7.300  0.6246E-84  0.1693E-83
  -7.290  0.6246E-84  0.1699E-83
  -7.280  0.6246E-84  0.1705E-83
  -7.270  0.6246E-84  0.1711E-83
  -7.260  0.6246E-84  0.1718E-83
  -7.250  0.6708E-84  0.1724E-83
  -7.240  0.2297E-73  0.2297E-75
  -7.230  0.1537E-62  0.1537E-64
  -7.220  0.1392E-52  0.1392E-54
  -7.210  0.1706E-43  0.1706E-45
  -7.200  0.2829E-35  0.2829E-37
  -7.190  0.6350E-28  0.6350E-30
  -7.180  0.1929E-21  0.1929E-23
  -7.170  0.7930E-16  0.7930E-18
  -7.160  0.4412E-11  0.4412E-13
  -7.150  0.3322E-07  0.3322E-09
  -7.140  0.3385E-04  0.3388E-06
  -7.130  0.4668E-02  0.4702E-04
  -7.120  0.8713E-01  0.9183E-03
  -7.110  0.2201E+00  0.3119E-02
  -7.100  0.7524E-01  0.3872E-02
  -7.090  0.3481E-02  0.3906E-02
  -7.080  0.2179E-04  0.3907E-02
  -7.070  0.1847E-07  0.3907E-02
  -7.060  0.2118E-11  0.3907E-02
  -7.050  0.3287E-16  0.3907E-02
  -7.040  0.6903E-22  0.3907E-02
  -7.030  0.1962E-28  0.3907E-02
  -7.020  0.1281E-35  0.3907E-02
  -7.010  0.1787E-28  0.3907E-02
  -7.000  0.8221E-22  0.3907E-02
  -6.990  0.5118E-16  0.3907E-02
  -6.980  0.4312E-11  0.3907E-02
  -6.970  0.4916E-07  0.3907E-02
  -6.960  0.7586E-04  0.3907E-02
  -6.950  0.1584E-01  0.4066E-02
  -6.940  0.4477E+00  0.8543E-02
  -6.930  0.1712E+01  0.2567E-01
  -6.920  0.8864E+00  0.3453E-01
  -6.910  0.6210E-01  0.3515E-01
  -6.900  0.6100E-03  0.3516E-01
  -6.890  0.6014E-02  0.3522E-01
  -6.880  0.2301E+00  0.3752E-01
  -6.870  0.1192E+01  0.4944E-01
  -6.860  0.8354E+00  0.5779E-01
  -6.850  0.7925E-01  0.5858E-01
  -6.840  0.1017E-02  0.5859E-01
  -6.830  0.1768E-05  0.5859E-01
  -6.820  0.4156E-09  0.5859E-01
  -6.810  0.1323E-13  0.5859E-01
  -6.800  0.5696E-19  0.5859E-01
  -6.790  0.3320E-25  0.5859E-01
  -6.780  0.2619E-32  0.5859E-01
  -6.770  0.2796E-40  0.5859E-01
  -6.760  0.4039E-49  0.5859E-01
  -6.750  0.8218E-59  0.5859E-01
  -6.740  0.2282E-50  0.5859E-01
  -6.730  0.2200E-41  0.5859E-01
  -6.720  0.2871E-33  0.5859E-01
  -6.710  0.5070E-26  0.5859E-01
  -6.700  0.1212E-19  0.5859E-01
  -6.690  0.3919E-14  0.5859E-01
  -6.680  0.1716E-09  0.5859E-01
  -6.670  0.1016E-05  0.5859E-01
  -6.660  0.8149E-03  0.5860E-01
  -6.650  0.8842E-01  0.5949E-01
  -6.640  0.1298E+01  0.7247E-01
  -6.630  0.2581E+01  0.9828E-01
  -6.620  0.6941E+00  0.1052E+00
  -6.610  0.2526E-01  0.1055E+00
  -6.600  0.1245E-03  0.1055E+00
  -6.590  0.8297E-07  0.1055E+00
  -6.580  0.7486E-11  0.1055E+00
  -6.570  0.9141E-16  0.1055E+00
  -6.560  0.1511E-21  0.1055E+00
  -6.550  0.3379E-28  0.1055E+00
  -6.540  0.3397E-30  0.1055E+00
  -6.530  0.2870E-23  0.1055E+00
  -6.520  0.3282E-17  0.1055E+00
  -6.510  0.5080E-12  0.1055E+00
  -6.500  0.1064E-07  0.1055E+00
  -6.490  0.3016E-04  0.1055E+00
  -6.480  0.1157E-01  0.1056E+00
  -6.470  0.6008E+00  0.1116E+00
  -6.460  0.4222E+01  0.1538E+00
  -6.450  0.4014E+01  0.1940E+00
  -6.440  0.5167E+00  0.1991E+00
  -6.430  0.2358E-01  0.1994E+00
  -6.420  0.4281E+00  0.2036E+00
  -6.410  0.1701E+01  0.2206E+00
  -6.400  0.9145E+00  0.2298E+00
  -6.390  0.6655E-01  0.2305E+00
  -6.380  0.6554E-03  0.2305E+00
  -6.370  0.8736E-06  0.2305E+00
  -6.360  0.1576E-09  0.2305E+00
  -6.350  0.3847E-14  0.2305E+00
  -6.340  0.1271E-19  0.2305E+00
  -6.330  0.5683E-26  0.2305E+00
  -6.320  0.3439E-33  0.2305E+00
  -6.310  0.2816E-41  0.2305E+00
  -6.300  0.3121E-50  0.2305E+00
  -6.290  0.4682E-60  0.2305E+00
  -6.280  0.1285E-64  0.2305E+00
  -6.270  0.2004E-54  0.2305E+00
  -6.260  0.4228E-45  0.2305E+00
  -6.250  0.1208E-36  0.2305E+00
  -6.240  0.4668E-29  0.2305E+00
  -6.230  0.2442E-22  0.2305E+00
  -6.220  0.1729E-16  0.2305E+00
  -6.210  0.1656E-11  0.2305E+00
  -6.200  0.2148E-07  0.2305E+00
  -6.190  0.3769E-04  0.2305E+00
  -6.180  0.8950E-02  0.2306E+00
  -6.170  0.2877E+00  0.2334E+00
  -6.160  0.1251E+01  0.2459E+00
  -6.150  0.7366E+00  0.2533E+00
  -6.140  0.5868E-01  0.2539E+00
  -6.130  0.6327E-03  0.2539E+00
  -6.120  0.9232E-06  0.2539E+00
  -6.110  0.1823E-09  0.2539E+00
  -6.100  0.4873E-14  0.2539E+00
  -6.090  0.2145E-17  0.2539E+00
  -6.080  0.3520E-12  0.2539E+00
  -6.070  0.7883E-08  0.2539E+00
  -6.060  0.2389E-04  0.2539E+00
  -6.050  0.9798E-02  0.2540E+00
  -6.040  0.5438E+00  0.2594E+00
  -6.030  0.4085E+01  0.3003E+00
  -6.020  0.4153E+01  0.3418E+00
  -6.010  0.5714E+00  0.3475E+00
  -6.000  0.1064E-01  0.3476E+00
  -5.990  0.3149E-04  0.3476E+00
  -5.980  0.3010E-02  0.3477E+00
  -5.970  0.2621E+00  0.3503E+00
  -5.960  0.3089E+01  0.3812E+00
  -5.950  0.4926E+01  0.4304E+00
  -5.940  0.1063E+01  0.4411E+00
  -5.930  0.3107E-01  0.4414E+00
  -5.920  0.1228E-03  0.4414E+00
  -5.910  0.6572E-07  0.4414E+00
  -5.900  0.4759E-11  0.4414E+00
  -5.890  0.4663E-16  0.4414E+00
  -5.880  0.6185E-22  0.4414E+00
  -5.870  0.1110E-28  0.4414E+00
  -5.860  0.4164E-31  0.4414E+00
  -5.850  0.4499E-24  0.4414E+00
  -5.840  0.6579E-18  0.4414E+00
  -5.830  0.1302E-12  0.4414E+00
  -5.820  0.3488E-08  0.4414E+00
  -5.810  0.1264E-04  0.4414E+00
  -5.800  0.6202E-02  0.4415E+00
  -5.790  0.4118E+00  0.4456E+00
  -5.780  0.3700E+01  0.4826E+00
  -5.770  0.4499E+01  0.5276E+00
  -5.760  0.7404E+00  0.5350E+00
  -5.750  0.1649E-01  0.5351E+00
  -5.740  0.4971E-04  0.5351E+00
  -5.730  0.2028E-07  0.5351E+00
  -5.720  0.6696E-07  0.5351E+00
  -5.710  0.9591E-04  0.5351E+00
  -5.700  0.1859E-01  0.5353E+00
  -5.690  0.4878E+00  0.5402E+00
  -5.680  0.1732E+01  0.5575E+00
  -5.670  0.8322E+00  0.5658E+00
  -5.660  0.5412E-01  0.5664E+00
  -5.650  0.4763E-03  0.5664E+00
  -5.640  0.5673E-06  0.5664E+00
  -5.630  0.9145E-10  0.5664E+00
  -5.620  0.7821E-12  0.5664E+00
  -5.610  0.1510E-07  0.5664E+00
  -5.600  0.3958E-04  0.5664E+00
  -5.590  0.1404E-01  0.5665E+00
  -5.580  0.6736E+00  0.5733E+00
  -5.570  0.4375E+01  0.6170E+00
  -5.560  0.3846E+01  0.6555E+00
  -5.550  0.4576E+00  0.6601E+00
  -5.540  0.7367E-02  0.6601E+00
  -5.530  0.1605E-04  0.6601E+00
  -5.520  0.4733E-08  0.6601E+00
  -5.510  0.1889E-12  0.6601E+00
  -5.500  0.1020E-17  0.6601E+00
  -5.490  0.7457E-24  0.6601E+00
  -5.480  0.7377E-31  0.6601E+00
  -5.470  0.7265E-32  0.6601E+00
  -5.460  0.8869E-25  0.6601E+00
  -5.450  0.1465E-18  0.6601E+00
  -5.440  0.3276E-13  0.6601E+00
  -5.430  0.9914E-09  0.6601E+00
  -5.420  0.4060E-05  0.6601E+00
  -5.410  0.2250E-02  0.6601E+00
  -5.400  0.1688E+00  0.6618E+00
  -5.390  0.1713E+01  0.6790E+00
  -5.380  0.2354E+01  0.7025E+00
  -5.370  0.4377E+00  0.7069E+00
  -5.360  0.1101E-01  0.7070E+00
  -5.350  0.4006E-04  0.7070E+00
  -5.340  0.1930E-02  0.7070E+00
  -5.330  0.1973E+00  0.7090E+00
  -5.320  0.2729E+01  0.7363E+00
  -5.310  0.5108E+01  0.7874E+00
  -5.300  0.1294E+01  0.8003E+00
  -5.290  0.4437E-01  0.8008E+00
  -5.280  0.2590E-02  0.8008E+00
  -5.270  0.2885E+00  0.8037E+00
  -5.260  0.4725E+01  0.8509E+00
  -5.250  0.1052E+02  0.9561E+00
  -5.240  0.3707E+01  0.9932E+00
  -5.230  0.9153E+00  0.1002E+01
  -5.220  0.1489E+00  0.1004E+01
  -5.210  0.3775E-02  0.1004E+01
  -5.200  0.1301E-04  0.1004E+01
  -5.190  0.1742E-06  0.1004E+01
  -5.180  0.2514E-03  0.1004E+01
  -5.170  0.5087E-01  0.1004E+01
  -5.160  0.1393E+01  0.1018E+01
  -5.150  0.5164E+01  0.1070E+01
  -5.140  0.2590E+01  0.1096E+01
  -5.130  0.1758E+00  0.1098E+01
  -5.120  0.1623E-02  0.1098E+01
  -5.110  0.2822E-02  0.1098E+01
  -5.100  0.1479E+00  0.1099E+01
  -5.090  0.1050E+01  0.1110E+01
  -5.080  0.1009E+01  0.1120E+01
  -5.070  0.1312E+00  0.1121E+01
  -5.060  0.2309E-02  0.1121E+01
  -5.050  0.5498E-05  0.1121E+01
  -5.040  0.1772E-08  0.1121E+01
  -5.030  0.7728E-13  0.1121E+01
  -5.020  0.5506E-18  0.1121E+01
  -5.010  0.2498E-13  0.1121E+01
  -5.000  0.8953E-09  0.1121E+01
  -4.990  0.4342E-05  0.1121E+01
  -4.980  0.2850E-02  0.1121E+01
  -4.970  0.2532E+00  0.1124E+01
  -4.960  0.3044E+01  0.1154E+01
  -4.950  0.4952E+01  0.1204E+01
  -4.940  0.1090E+01  0.1215E+01
  -4.930  0.3250E-01  0.1215E+01
  -4.920  0.1344E-02  0.1215E+01
  -4.910  0.1459E+00  0.1216E+01
  -4.900  0.2375E+01  0.1240E+01
  -4.890  0.5231E+01  0.1292E+01
  -4.880  0.1560E+01  0.1308E+01
  -4.870  0.6292E-01  0.1309E+01
  -4.860  0.3611E-03  0.1309E+01
  -4.850  0.7863E-02  0.1309E+01
  -4.840  0.4761E+00  0.1313E+01
  -4.830  0.3901E+01  0.1352E+01
  -4.820  0.4326E+01  0.1396E+01
  -4.810  0.6494E+00  0.1402E+01
  -4.800  0.3854E-01  0.1403E+01
  -4.790  0.9484E+00  0.1412E+01
  -4.780  0.4802E+01  0.1460E+01
  -4.770  0.3290E+01  0.1493E+01
  -4.760  0.3051E+00  0.1496E+01
  -4.750  0.3829E-02  0.1496E+01
  -4.740  0.6504E-05  0.1496E+01
  -4.730  0.1495E-08  0.1496E+01
  -4.720  0.4651E-13  0.1496E+01
  -4.710  0.1958E-18  0.1496E+01
  -4.700  0.1488E-17  0.1496E+01
  -4.690  0.2601E-12  0.1496E+01
  -4.680  0.6153E-08  0.1496E+01
  -4.670  0.1970E-04  0.1496E+01
  -4.660  0.8533E-02  0.1496E+01
  -4.650  0.5003E+00  0.1501E+01
  -4.640  0.3970E+01  0.1541E+01
  -4.630  0.4263E+01  0.1583E+01
  -4.620  0.6196E+00  0.1590E+01
  -4.610  0.1219E-01  0.1590E+01
  -4.600  0.3244E-04  0.1590E+01
  -4.590  0.1169E-07  0.1590E+01
  -4.580  0.5697E-12  0.1590E+01
  -4.570  0.3560E-16  0.1590E+01
  -4.560  0.3453E-11  0.1590E+01
  -4.550  0.5067E-07  0.1590E+01
  -4.540  0.1006E-03  0.1590E+01
  -4.530  0.2705E-01  0.1590E+01
  -4.520  0.9838E+00  0.1600E+01
  -4.510  0.4843E+01  0.1648E+01
  -4.500  0.3226E+01  0.1681E+01
  -4.490  0.2909E+00  0.1684E+01
  -4.480  0.3560E-02  0.1684E+01
  -4.470  0.6687E-02  0.1684E+01
  -4.460  0.5600E+00  0.1689E+01
  -4.450  0.6351E+01  0.1753E+01
  -4.440  0.9749E+01  0.1850E+01
  -4.430  0.2025E+01  0.1870E+01
  -4.420  0.5694E-01  0.1871E+01
  -4.410  0.2166E-03  0.1871E+01
  -4.400  0.1116E-06  0.1871E+01
  -4.390  0.7336E-09  0.1871E+01
  -4.380  0.3177E-05  0.1871E+01
  -4.370  0.1883E-02  0.1871E+01
  -4.360  0.1509E+00  0.1873E+01
  -4.350  0.1638E+01  0.1889E+01
  -4.340  0.2406E+01  0.1913E+01
  -4.330  0.4781E+00  0.1918E+01
  -4.320  0.1286E-01  0.1918E+01
  -4.310  0.4683E-04  0.1918E+01
  -4.300  0.2812E-04  0.1918E+01
  -4.290  0.5891E-02  0.1918E+01
  -4.280  0.1671E+00  0.1920E+01
  -4.270  0.6422E+00  0.1926E+01
  -4.260  0.3912E+00  0.1930E+01
  -4.250  0.1085E+01  0.1941E+01
  -4.240  0.2640E+01  0.1967E+01
  -4.230  0.9368E+00  0.1977E+01
  -4.220  0.7174E+00  0.1984E+01
  -4.210  0.1280E+01  0.1997E+01
  -4.200  0.3272E+00  0.2000E+01
  -4.190  0.1133E-01  0.2000E+01
  -4.180  0.5306E-04  0.2000E+01
  -4.170  0.3364E-07  0.2000E+01
  -4.160  0.2886E-11  0.2000E+01
  -4.150  0.3351E-16  0.2000E+01
  -4.140  0.5266E-22  0.2000E+01
  -4.130  0.1120E-28  0.2000E+01
  -4.120  0.3224E-36  0.2000E+01
  -4.110  0.1256E-44  0.2000E+01
  -4.100  0.6619E-54  0.2000E+01
  -4.090  0.4723E-64  0.2000E+01
  -4.080  0.4560E-75  0.2000E+01
  -4.070  0.6246E-84  0.2000E+01
  -4.060  0.6246E-84  0.2000E+01
  -4.050  0.6246E-84  0.2000E+01
  -4.040  0.6246E-84  0.2000E+01
  -4.030  0.6246E-84  0.2000E+01
  -4.020  0.6246E-84  0.2000E+01
  -4.010  0.6246E-84  0.2000E+01
  -4.000  0.6246E-84  0.2000E+01
  -3.990  0.6246E-84  0.2000E+01
  -3.980  0.6246E-84  0.2000E+01
  -3.970  0.6246E-84  0.2000E+01
  -3.960  0.6246E-84  0.2000E+01
  -3.950  0.6246E-84  0.2000E+01
  -3.940  0.6246E-84  0.2000E+01
  -3.930  0.6246E-84  0.2000E+01
  -3.920  0.6246E-84  0.2000E+01
  -3.910  0.6246E-84  0.2000E+01
  -3.900  0.6246E-84  0.2000E+01
  -3.890  0.6246E-84  0.2000E+01
  -3.880  0.6246E-84  0.2000E+01
  -3.870  0.6246E-84  0.2000E+01
  -3.860  0.6246E-84  0.2000E+01
  -3.850  0.6246E-84  0.2000E+01
  -3.840  0.6246E-84  0.2000E+01
  -3.830  0.6246E-84  0.2000E+01
  -3.820  0.6246E-84  0.2000E+01
  -3.810  0.6246E-84  0.2000E+01
  -3.800  0.6246E-84  0.2000E+01
  -3.790  0.6246E-84  0.2000E+01
  -3.780  0.6246E-84  0.2000E+01
  -3.770  0.6246E-84  0.2000E+01
  -3.760  0.6246E-84  0.2000E+01
  -3.750  0.6246E-84  0.2000E+01
  -3.740  0.6246E-84  0.2000E+01
  -3.730  0.6246E-84  0.2000E+01
  -3.720  0.6246E-84  0.2000E+01
  -3.710  0.6246E-84  0.2000E+01
  -3.700  0.6246E-84  0.2000E+01
  -3.690  0.6246E-84  0.2000E+01
  -3.680  0.6246E-84  0.2000E+01
  -3.670  0.6246E-84  0.2000E+01
  -3.660  0.6246E-84  0.2000E+01
  -3.650  0.6246E-84  0.2000E+01
  -3.640  0.6246E-84  0.2000E+01
  -3.630  0.6246E-84  0.2000E+01
  -3.620  0.6246E-84  0.2000E+01
  -3.610  0.6246E-84  0.2000E+01
  -3.600  0.6246E-84  0.2000E+01
  -3.590  0.6246E-84  0.2000E+01
  -3.580  0.6246E-84  0.2000E+01
  -3.570  0.6246E-84  0.2000E+01
  -3.560  0.6246E-84  0.2000E+01
  -3.550  0.6246E-84  0.2000E+01
  -3.540  0.6246E-84  0.2000E+01
  -3.530  0.6246E-84  0.2000E+01
  -3.520  0.6246E-84  0.2000E+01
  -3.510  0.6246E-84  0.2000E+01
  -3.500  0.6246E-84  0.2000E+01
  -3.490  0.6246E-84  0.2000E+01
  -3.480  0.6246E-84  0.2000E+01
  -3.470  0.6246E-84  0.2000E+01
  -3.460  0.6246E-84  0.2000E+01
  -3.450  0.6246E-84  0.2000E+01
  -3.440  0.6246E-84  0.2000E+01
  -3.430  0.6246E-84  0.2000E+01
  -3.420  0.6246E-84  0.2000E+01
  -3.410  0.6246E-84  0.2000E+01
  -3.400  0.6246E-84  0.2000E+01
  -3.390  0.6246E-84  0.2000E+01
  -3.380  0.6246E-84  0.2000E+01
  -3.370  0.6246E-84  0.2000E+01
  -3.360  0.6246E-84  0.2000E+01
  -3.350  0.6246E-84  0.2000E+01
  -3.340  0.6246E-84  0.2000E+01
  -3.330  0.6246E-84  0.2000E+01
  -3.320  0.6246E-84  0.2000E+01
  -3.310  0.6246E-84  0.2000E+01
  -3.300  0.6246E-84  0.2000E+01
  -3.290  0.6246E-84  0.2000E+01
  -3.280  0.6246E-84  0.2000E+01
  -3.270  0.6246E-84  0.2000E+01
  -3.260  0.6246E-84  0.2000E+01
  -3.250  0.6246E-84  0.2000E+01
  -3.240  0.6246E-84  0.2000E+01
  -3.230  0.6246E-84  0.2000E+01
  -3.220  0.6246E-84  0.2000E+01
  -3.210  0.6246E-84  0.2000E+01
  -3.200  0.6246E-84  0.2000E+01
  -3.190  0.6246E-84  0.2000E+01
  -3.180  0.6246E-84  0.2000E+01
  -3.170  0.6246E-84  0.2000E+01
  -3.160  0.6246E-84  0.2000E+01
  -3.150  0.6246E-84  0.2000E+01
  -3.140  0.6246E-84  0.2000E+01
  -3.130  0.6246E-84  0.2000E+01
  -3.120  0.6246E-84  0.2000E+01
  -3.110  0.6246E-84  0.2000E+01
  -3.100  0.6246E-84  0.2000E+01
  -3.090  0.6246E-84  0.2000E+01
  -3.080  0.6246E-84  0.2000E+01
  -3.070  0.6246E-84  0.2000E+01
  -3.060  0.6246E-84  0.2000E+01
  -3.050  0.6246E-84  0.2000E+01
  -3.040  0.6246E-84  0.2000E+01
  -3.030  0.6246E-84  0.2000E+01
  -3.020  0.6246E-84  0.2000E+01
  -3.010  0.6246E-84  0.2000E+01
  -3.000  0.6246E-84  0.2000E+01
  -2.990  0.6246E-84  0.2000E+01
  -2.980  0.6246E-84  0.2000E+01
  -2.970  0.6246E-84  0.2000E+01
  -2.960  0.6246E-84  0.2000E+01
  -2.950  0.6246E-84  0.2000E+01
  -2.940  0.6246E-84  0.2000E+01
  -2.930  0.6246E-84  0.2000E+01
  -2.920  0.6246E-84  0.2000E+01
  -2.910  0.6246E-84  0.2000E+01
  -2.900  0.6246E-84  0.2000E+01
  -2.890  0.6246E-84  0.2000E+01
  -2.880  0.6246E-84  0.2000E+01
  -2.870  0.6246E-84  0.2000E+01
  -2.860  0.6246E-84  0.2000E+01
  -2.850  0.6246E-84  0.2000E+01
  -2.840  0.6246E-84  0.2000E+01
  -2.830  0.6246E-84  0.2000E+01
  -2.820  0.6246E-84  0.2000E+01
  -2.810  0.6246E-84  0.2000E+01
  -2.800  0.6246E-84  0.2000E+01
  -2.790  0.6246E-84  0.2000E+01
  -2.780  0.6246E-84  0.2000E+01
  -2.770  0.6246E-84  0.2000E+01
  -2.760  0.6246E-84  0.2000E+01
  -2.750  0.6246E-84  0.2000E+01
  -2.740  0.6246E-84  0.2000E+01
  -2.730  0.6246E-84  0.2000E+01
  -2.720  0.6246E-84  0.2000E+01
  -2.710  0.6246E-84  0.2000E+01
  -2.700  0.6246E-84  0.2000E+01
  -2.690  0.6246E-84  0.2000E+01
  -2.680  0.6246E-84  0.2000E+01
  -2.670  0.6246E-84  0.2000E+01
  -2.660  0.6246E-84  0.2000E+01
  -2.650  0.6246E-84  0.2000E+01
  -2.640  0.6246E-84  0.2000E+01
  -2.630  0.6246E-84  0.2000E+01
  -2.620  0.6246E-84  0.2000E+01
  -2.610  0.6246E-84  0.2000E+01
  -2.600  0.6246E-84  0.2000E+01
  -2.590  0.6246E-84  0.2000E+01
  -2.580  0.6246E-84  0.2000E+01
  -2.570  0.6246E-84  0.2000E+01
  -2.560  0.6246E-84  0.2000E+01
  -2.550  0.6246E-84  0.2000E+01
  -2.540  0.6246E-84  0.2000E+01
  -2.530  0.6246E-84  0.2000E+01
  -2.520  0.6246E-84  0.2000E+01
  -2.510  0.6246E-84  0.2000E+01
  -2.500  0.6246E-84  0.2000E+01
  -2.490  0.6246E-84  0.2000E+01
  -2.480  0.6246E-84  0.2000E+01
  -2.470  0.6246E-84  0.2000E+01
  -2.460  0.6246E-84  0.2000E+01
  -2.450  0.6246E-84  0.2000E+01
  -2.440  0.6246E-84  0.2000E+01
  -2.430  0.6246E-84  0.2000E+01
  -2.420  0.6246E-84  0.2000E+01
  -2.410  0.6246E-84  0.2000E+01
  -2.400  0.6246E-84  0.2000E+01
  -2.390  0.6246E-84  0.2000E+01
  -2.380  0.6246E-84  0.2000E+01
  -2.370  0.6246E-84  0.2000E+01
  -2.360  0.6246E-84  0.2000E+01
  -2.350  0.6246E-84  0.2000E+01
  -2.340  0.6246E-84  0.2000E+01
  -2.330  0.6246E-84  0.2000E+01
  -2.320  0.6246E-84  0.2000E+01
  -2.310  0.6246E-84  0.2000E+01
  -2.300  0.6246E-84  0.2000E+01
  -2.290  0.6246E-84  0.2000E+01
  -2.280  0.6246E-84  0.2000E+01
  -2.270  0.6246E-84  0.2000E+01
  -2.260  0.6246E-84  0.2000E+01
  -2.250  0.6246E-84  0.2000E+01
  -2.240  0.6246E-84  0.2000E+01
  -2.230  0.6246E-84  0.2000E+01
  -2.220  0.6246E-84  0.2000E+01
  -2.210  0.6246E-84  0.2000E+01
  -2.200  0.6246E-84  0.2000E+01
  -2.190  0.6246E-84  0.2000E+01
  -2.180  0.6246E-84  0.2000E+01
  -2.170  0.6246E-84  0.2000E+01
  -2.160  0.6246E-84  0.2000E+01
  -2.150  0.3658E-79  0.2000E+01
  -2.140  0.7291E-68  0.2000E+01
  -2.130  0.1967E-57  0.2000E+01
  -2.120  0.7181E-48  0.2000E+01
  -2.110  0.3548E-39  0.2000E+01
  -2.100  0.2372E-31  0.2000E+01
  -2.090  0.2147E-24  0.2000E+01
  -2.080  0.2629E-18  0.2000E+01
  -2.070  0.4358E-13  0.2000E+01
  -2.060  0.9776E-09  0.2000E+01
  -2.050  0.2968E-05  0.2000E+01
  -2.040  0.1219E-02  0.2000E+01
  -2.030  0.6780E-01  0.2001E+01
  -2.020  0.5102E+00  0.2006E+01
  -2.010  0.5196E+00  0.2011E+01
  -2.000  0.7161E-01  0.2012E+01
  -1.990  0.1336E-02  0.2012E+01
  -1.980  0.3373E-05  0.2012E+01
  -1.970  0.5564E-05  0.2012E+01
  -1.960  0.2828E-02  0.2012E+01
  -1.950  0.1945E+00  0.2014E+01
  -1.940  0.1811E+01  0.2032E+01
  -1.930  0.2281E+01  0.2055E+01
  -1.920  0.3890E+00  0.2058E+01
  -1.910  0.8975E-02  0.2059E+01
  -1.900  0.2803E-04  0.2059E+01
  -1.890  0.1248E-07  0.2059E+01
  -1.880  0.2468E-05  0.2059E+01
  -1.870  0.1296E-02  0.2059E+01
  -1.860  0.9217E-01  0.2059E+01
  -1.850  0.8869E+00  0.2068E+01
  -1.840  0.1155E+01  0.2080E+01
  -1.830  0.2052E+00  0.2082E+01
  -1.820  0.1459E+00  0.2083E+01
  -1.810  0.1593E+01  0.2099E+01
  -1.800  0.2434E+01  0.2124E+01
  -1.790  0.5036E+00  0.2129E+01
  -1.780  0.1410E-01  0.2129E+01
  -1.770  0.5342E-04  0.2129E+01
  -1.760  0.2739E-07  0.2129E+01
  -1.750  0.1901E-11  0.2129E+01
  -1.740  0.1786E-16  0.2129E+01
  -1.730  0.2386E-14  0.2129E+01
  -1.720  0.1451E-09  0.2129E+01
  -1.710  0.1203E-05  0.2129E+01
  -1.700  0.1368E-02  0.2129E+01
  -1.690  0.2158E+00  0.2131E+01
  -1.680  0.4797E+01  0.2179E+01
  -1.670  0.1536E+02  0.2333E+01
  -1.660  0.7241E+01  0.2405E+01
  -1.650  0.5092E+00  0.2410E+01
  -1.640  0.5431E-02  0.2410E+01
  -1.630  0.1651E-01  0.2410E+01
  -1.620  0.3278E+00  0.2414E+01
  -1.610  0.8815E+00  0.2422E+01
  -1.600  0.3208E+00  0.2426E+01
  -1.590  0.1580E-01  0.2426E+01
  -1.580  0.1053E-03  0.2426E+01
  -1.570  0.1203E-06  0.2426E+01
  -1.560  0.5889E-04  0.2426E+01
  -1.550  0.1859E-01  0.2426E+01
  -1.540  0.7937E+00  0.2434E+01
  -1.530  0.4588E+01  0.2480E+01
  -1.520  0.3589E+01  0.2516E+01
  -1.510  0.3799E+00  0.2519E+01
  -1.500  0.5465E-02  0.2520E+01
  -1.490  0.9147E-02  0.2520E+01
  -1.480  0.5250E+00  0.2525E+01
  -1.470  0.4404E+01  0.2569E+01
  -1.460  0.9469E+01  0.2664E+01
  -1.450  0.1083E+02  0.2772E+01
  -1.440  0.2787E+01  0.2800E+01
  -1.430  0.1050E+00  0.2801E+01
  -1.420  0.5513E-03  0.2801E+01
  -1.410  0.4010E-06  0.2801E+01
  -1.400  0.4022E-10  0.2801E+01
  -1.390  0.5541E-15  0.2801E+01
  -1.380  0.1045E-20  0.2801E+01
  -1.370  0.3645E-21  0.2801E+01
  -1.360  0.2149E-15  0.2801E+01
  -1.350  0.1714E-10  0.2801E+01
  -1.340  0.1851E-06  0.2801E+01
  -1.330  0.2704E-03  0.2801E+01
  -1.320  0.5346E-01  0.2801E+01
  -1.310  0.1431E+01  0.2816E+01
  -1.300  0.5182E+01  0.2867E+01
  -1.290  0.2540E+01  0.2893E+01
  -1.280  0.1685E+00  0.2894E+01
  -1.270  0.1512E-02  0.2895E+01
  -1.260  0.1837E-05  0.2895E+01
  -1.250  0.3021E-09  0.2895E+01
  -1.240  0.3510E-11  0.2895E+01
  -1.230  0.5127E-07  0.2895E+01
  -1.220  0.1015E-03  0.2895E+01
  -1.210  0.2722E-01  0.2895E+01
  -1.200  0.9873E+00  0.2905E+01
  -1.190  0.4847E+01  0.2953E+01
  -1.180  0.3220E+01  0.2985E+01
  -1.170  0.2895E+00  0.2988E+01
  -1.160  0.3523E-02  0.2988E+01
  -1.150  0.5802E-05  0.2988E+01
  -1.140  0.1293E-08  0.2988E+01
  -1.130  0.3901E-13  0.2988E+01
  -1.120  0.3498E-13  0.2988E+01
  -1.110  0.1182E-08  0.2988E+01
  -1.100  0.5406E-05  0.2988E+01
  -1.090  0.3346E-02  0.2988E+01
  -1.080  0.2803E+00  0.2991E+01
  -1.070  0.3177E+01  0.3023E+01
  -1.060  0.4874E+01  0.3072E+01
  -1.050  0.1012E+01  0.3082E+01
  -1.040  0.2843E-01  0.3082E+01
  -1.030  0.1081E-03  0.3082E+01
  -1.020  0.5564E-07  0.3082E+01
  -1.010  0.3876E-11  0.3082E+01
  -1.000  0.3653E-16  0.3082E+01
  -0.990  0.4660E-22  0.3082E+01
  -0.980  0.1079E-23  0.3082E+01
  -0.970  0.1168E-17  0.3082E+01
  -0.960  0.1712E-12  0.3082E+01
  -0.950  0.3394E-08  0.3082E+01
  -0.940  0.9110E-05  0.3082E+01
  -0.930  0.3309E-02  0.3082E+01
  -0.920  0.1627E+00  0.3084E+01
  -0.910  0.1082E+01  0.3094E+01
  -0.900  0.9745E+00  0.3104E+01
  -0.890  0.1190E+00  0.3105E+01
  -0.880  0.5723E-01  0.3106E+01
  -0.870  0.1992E+01  0.3126E+01
  -0.860  0.9713E+01  0.3223E+01
  -0.850  0.6410E+01  0.3287E+01
  -0.840  0.5726E+00  0.3293E+01
  -0.830  0.1415E-01  0.3293E+01
  -0.820  0.2892E+00  0.3296E+01
  -0.810  0.1566E+01  0.3312E+01
  -0.800  0.1147E+01  0.3323E+01
  -0.790  0.1138E+00  0.3324E+01
  -0.780  0.1527E-02  0.3324E+01
  -0.770  0.2774E-05  0.3324E+01
  -0.760  0.6819E-09  0.3324E+01
  -0.750  0.2269E-13  0.3324E+01
  -0.740  0.1021E-18  0.3324E+01
  -0.730  0.6224E-25  0.3324E+01
  -0.720  0.5133E-32  0.3324E+01
  -0.710  0.5728E-40  0.3324E+01
  -0.700  0.1176E-47  0.3324E+01
  -0.690  0.5904E-39  0.3324E+01
  -0.680  0.4328E-31  0.3324E+01
  -0.670  0.4294E-24  0.3324E+01
  -0.660  0.5766E-18  0.3324E+01
  -0.650  0.1048E-12  0.3324E+01
  -0.640  0.2577E-08  0.3324E+01
  -0.630  0.8578E-05  0.3324E+01
  -0.620  0.3864E-02  0.3324E+01
  -0.610  0.2355E+00  0.3327E+01
  -0.600  0.1943E+01  0.3346E+01
  -0.590  0.2170E+01  0.3368E+01
  -0.580  0.3279E+00  0.3371E+01
  -0.570  0.6705E-02  0.3371E+01
  -0.560  0.1856E-04  0.3371E+01
  -0.550  0.6951E-08  0.3371E+01
  -0.540  0.3523E-12  0.3371E+01
  -0.530  0.2417E-17  0.3371E+01
  -0.520  0.2244E-23  0.3371E+01
  -0.510  0.2820E-30  0.3371E+01
  -0.500  0.4795E-38  0.3371E+01
  -0.490  0.1104E-46  0.3371E+01
  -0.480  0.3437E-56  0.3371E+01
  -0.470  0.1449E-66  0.3371E+01
  -0.460  0.8264E-78  0.3371E+01
  -0.450  0.6246E-84  0.3371E+01
  -0.440  0.6246E-84  0.3371E+01
  -0.430  0.6495E-75  0.3371E+01
  -0.420  0.7275E-64  0.3371E+01
  -0.410  0.1103E-53  0.3371E+01
  -0.400  0.2262E-44  0.3371E+01
  -0.390  0.6279E-36  0.3371E+01
  -0.380  0.2359E-28  0.3371E+01
  -0.370  0.1199E-21  0.3371E+01
  -0.360  0.8253E-16  0.3371E+01
  -0.350  0.7686E-11  0.3371E+01
  -0.340  0.9686E-07  0.3371E+01
  -0.330  0.1652E-03  0.3371E+01
  -0.320  0.3814E-01  0.3371E+01
  -0.310  0.1191E+01  0.3383E+01
  -0.300  0.5037E+01  0.3434E+01
  -0.290  0.2882E+01  0.3463E+01
  -0.280  0.2232E+00  0.3465E+01
  -0.270  0.2339E-02  0.3465E+01
  -0.260  0.3318E-05  0.3465E+01
  -0.250  0.6370E-09  0.3465E+01
  -0.240  0.3966E-08  0.3465E+01
  -0.230  0.1398E-04  0.3465E+01
  -0.220  0.6669E-02  0.3465E+01
  -0.210  0.4305E+00  0.3469E+01
  -0.200  0.3762E+01  0.3507E+01
  -0.190  0.4448E+01  0.3551E+01
  -0.180  0.7118E+00  0.3558E+01
  -0.170  0.1542E-01  0.3559E+01
  -0.160  0.4518E-04  0.3559E+01
  -0.150  0.1792E-07  0.3559E+01
  -0.140  0.9621E-12  0.3559E+01
  -0.130  0.6990E-17  0.3559E+01
  -0.120  0.6873E-23  0.3559E+01
  -0.110  0.9145E-30  0.3559E+01
  -0.100  0.1647E-37  0.3559E+01
  -0.090  0.4014E-46  0.3559E+01
  -0.080  0.1324E-55  0.3559E+01
  -0.070  0.5910E-66  0.3559E+01
  -0.060  0.3570E-77  0.3559E+01
  -0.050  0.6246E-84  0.3559E+01
  -0.040  0.6246E-84  0.3559E+01
  -0.030  0.6246E-84  0.3559E+01
  -0.020  0.6246E-84  0.3559E+01
  -0.010  0.6246E-84  0.3559E+01
   0.000  0.6246E-84  0.3559E+01
   0.010  0.6246E-84  0.3559E+01
   0.020  0.6246E-84  0.3559E+01
   0.030  0.6246E-84  0.3559E+01
   0.040  0.6246E-84  0.3559E+01
   0.050  0.6246E-84  0.3559E+01
   0.060  0.6246E-84  0.3559E+01
   0.070  0.6246E-84  0.3559E+01
   0.080  0.6246E-84  0.3559E+01
   0.090  0.6246E-84  0.3559E+01
   0.100  0.6246E-84  0.3559E+01
   0.110  0.6246E-84  0.3559E+01
   0.120  0.6246E-84  0.3559E+01
   0.130  0.9070E-79  0.3559E+01
   0.140  0.1971E-67  0.3559E+01
   0.150  0.5799E-57  0.3559E+01
   0.160  0.2309E-47  0.3559E+01
   0.170  0.1244E-38  0.3559E+01
   0.180  0.9069E-31  0.3559E+01
   0.190  0.8949E-24  0.3559E+01
   0.200  0.1195E-17  0.3559E+01
   0.210  0.2160E-12  0.3559E+01
   0.220  0.5284E-08  0.3559E+01
   0.230  0.1749E-04  0.3559E+01
   0.240  0.7836E-02  0.3559E+01
   0.250  0.4751E+00  0.3563E+01
   0.260  0.3898E+01  0.3602E+01
   0.270  0.4329E+01  0.3646E+01
   0.280  0.6506E+00  0.3652E+01
   0.290  0.1323E-01  0.3652E+01
   0.300  0.3642E-04  0.3652E+01
   0.310  0.1357E-07  0.3652E+01
   0.320  0.6841E-12  0.3652E+01
   0.330  0.4668E-17  0.3652E+01
   0.340  0.4310E-23  0.3652E+01
   0.350  0.1472E-22  0.3652E+01
   0.360  0.1350E-16  0.3652E+01
   0.370  0.1677E-11  0.3652E+01
   0.380  0.2817E-07  0.3652E+01
   0.390  0.6407E-04  0.3652E+01
   0.400  0.1972E-01  0.3652E+01
   0.410  0.8214E+00  0.3661E+01
   0.420  0.4631E+01  0.3707E+01
   0.430  0.3533E+01  0.3742E+01
   0.440  0.3648E+00  0.3746E+01
   0.450  0.5097E-02  0.3746E+01
   0.460  0.9638E-05  0.3746E+01
   0.470  0.2467E-08  0.3746E+01
   0.480  0.8544E-13  0.3746E+01
   0.490  0.4005E-18  0.3746E+01
   0.500  0.2541E-24  0.3746E+01
   0.510  0.2181E-31  0.3746E+01
   0.520  0.2535E-39  0.3746E+01
   0.530  0.3986E-48  0.3746E+01
   0.540  0.8482E-58  0.3746E+01
   0.550  0.2443E-68  0.3746E+01
   0.560  0.9522E-80  0.3746E+01
   0.570  0.6246E-84  0.3746E+01
   0.580  0.6246E-84  0.3746E+01
   0.590  0.6246E-84  0.3746E+01
   0.600  0.6246E-84  0.3746E+01
   0.610  0.6246E-84  0.3746E+01
   0.620  0.6246E-84  0.3746E+01
   0.630  0.6246E-84  0.3746E+01
   0.640  0.6246E-84  0.3746E+01
   0.650  0.6246E-84  0.3746E+01
   0.660  0.6246E-84  0.3746E+01
   0.670  0.6246E-84  0.3746E+01
   0.680  0.6246E-84  0.3746E+01
   0.690  0.6246E-84  0.3746E+01
   0.700  0.6246E-84  0.3746E+01
   0.710  0.6246E-84  0.3746E+01
   0.720  0.6246E-84  0.3746E+01
   0.730  0.6246E-84  0.3746E+01
   0.740  0.6246E-84  0.3746E+01
   0.750  0.6246E-84  0.3746E+01
   0.760  0.6246E-84  0.3746E+01
   0.770  0.6246E-84  0.3746E+01
   0.780  0.6246E-84  0.3746E+01
   0.790  0.6246E-84  0.3746E+01
   0.800  0.6246E-84  0.3746E+01
   0.810  0.6246E-84  0.3746E+01
   0.820  0.6246E-84  0.3746E+01
   0.830  0.6247E-84  0.3746E+01
   0.840  0.1799E-74  0.3746E+01
   0.850  0.1716E-63  0.3746E+01
   0.860  0.2215E-53  0.3746E+01
   0.870  0.3868E-44  0.3746E+01
   0.880  0.9146E-36  0.3746E+01
   0.890  0.2926E-28  0.3746E+01
   0.900  0.1267E-21  0.3746E+01
   0.910  0.7425E-16  0.3746E+01
   0.920  0.5888E-11  0.3746E+01
   0.930  0.6320E-07  0.3746E+01
   0.940  0.9180E-04  0.3746E+01
   0.950  0.1805E-01  0.3746E+01
   0.960  0.4801E+00  0.3751E+01
   0.970  0.1729E+01  0.3768E+01
   0.980  0.8423E+00  0.3777E+01
   0.990  0.5555E-01  0.3777E+01
   1.000  0.5980E-03  0.3777E+01
   1.010  0.1770E-01  0.3777E+01
   1.020  0.4146E+00  0.3782E+01
   1.030  0.1315E+01  0.3795E+01
   1.040  0.5640E+00  0.3800E+01
   1.050  0.3275E-01  0.3801E+01
   1.060  0.2574E-03  0.3801E+01
   1.070  0.2738E-06  0.3801E+01
   1.080  0.3941E-10  0.3801E+01
   1.090  0.7677E-15  0.3801E+01
   1.100  0.2024E-20  0.3801E+01
   1.110  0.7222E-27  0.3801E+01
   1.120  0.3487E-34  0.3801E+01
   1.130  0.1310E-30  0.3801E+01
   1.140  0.1142E-23  0.3801E+01
   1.150  0.1346E-17  0.3801E+01
   1.160  0.2148E-12  0.3801E+01
   1.170  0.4639E-08  0.3801E+01
   1.180  0.1356E-04  0.3801E+01
   1.190  0.5363E-02  0.3801E+01
   1.200  0.2871E+00  0.3804E+01
   1.210  0.2080E+01  0.3824E+01
   1.220  0.2039E+01  0.3845E+01
   1.230  0.2707E+00  0.3848E+01
   1.240  0.4026E-01  0.3848E+01
   1.250  0.1144E+01  0.3859E+01
   1.260  0.4999E+01  0.3909E+01
   1.270  0.2958E+01  0.3939E+01
   1.280  0.2368E+00  0.3941E+01
   1.290  0.2566E-02  0.3941E+01
   1.300  0.3763E-05  0.3941E+01
   1.310  0.7469E-09  0.3941E+01
   1.320  0.2006E-13  0.3941E+01
   1.330  0.7456E-19  0.3941E+01
   1.340  0.8571E-15  0.3941E+01
   1.350  0.6108E-10  0.3941E+01
   1.360  0.5891E-06  0.3941E+01
   1.370  0.7697E-03  0.3941E+01
   1.380  0.1367E+00  0.3943E+01
   1.390  0.3371E+01  0.3976E+01
   1.400  0.1271E+02  0.4103E+01
   1.410  0.9863E+01  0.4202E+01
   1.420  0.1972E+01  0.4222E+01
   1.430  0.7645E-01  0.4223E+01
   1.440  0.4414E-03  0.4223E+01
   1.450  0.1118E-05  0.4223E+01
   1.460  0.7887E-03  0.4223E+01
   1.470  0.1099E+00  0.4224E+01
   1.480  0.2071E+01  0.4244E+01
   1.490  0.5284E+01  0.4297E+01
   1.500  0.1825E+01  0.4316E+01
   1.510  0.1078E+00  0.4317E+01
   1.520  0.4694E+00  0.4321E+01
   1.530  0.1322E+01  0.4335E+01
   1.540  0.5044E+00  0.4340E+01
   1.550  0.2605E-01  0.4340E+01
   1.560  0.1821E-03  0.4340E+01
   1.570  0.1722E-06  0.4340E+01
   1.580  0.2204E-10  0.4340E+01
   1.590  0.3819E-15  0.4340E+01
   1.600  0.9873E-21  0.4340E+01
   1.610  0.5956E-16  0.4340E+01
   1.620  0.5228E-11  0.4340E+01
   1.630  0.6211E-07  0.4340E+01
   1.640  0.9985E-04  0.4340E+01
   1.650  0.2173E-01  0.4340E+01
   1.660  0.6399E+00  0.4346E+01
   1.670  0.2568E+01  0.4372E+01
   1.680  0.1802E+01  0.4390E+01
   1.690  0.1417E+01  0.4404E+01
   1.700  0.5513E+00  0.4410E+01
   1.710  0.3112E-01  0.4410E+01
   1.720  0.2382E-03  0.4410E+01
   1.730  0.2467E-06  0.4410E+01
   1.740  0.3458E-10  0.4410E+01
   1.750  0.4511E-11  0.4410E+01
   1.760  0.6293E-07  0.4410E+01
   1.770  0.1188E-03  0.4410E+01
   1.780  0.3037E-01  0.4410E+01
   1.790  0.1054E+01  0.4421E+01
   1.800  0.5250E+01  0.4473E+01
   1.810  0.6535E+01  0.4539E+01
   1.820  0.4977E+01  0.4589E+01
   1.830  0.8801E+00  0.4597E+01
   1.840  0.2210E-01  0.4598E+01
   1.850  0.7536E-04  0.4598E+01
   1.860  0.3485E-07  0.4598E+01
   1.870  0.4678E-06  0.4598E+01
   1.880  0.4578E-03  0.4598E+01
   1.890  0.6063E-01  0.4598E+01
   1.900  0.1087E+01  0.4609E+01
   1.910  0.2691E+01  0.4636E+01
   1.920  0.2315E+01  0.4659E+01
   1.930  0.5228E+01  0.4711E+01
   1.940  0.2515E+01  0.4737E+01
   1.950  0.1781E+00  0.4738E+01
   1.960  0.8683E+00  0.4747E+01
   1.970  0.8073E+01  0.4828E+01
   1.980  0.1388E+02  0.4967E+01
   1.990  0.1095E+02  0.5076E+01
   2.000  0.3518E+01  0.5111E+01
   2.010  0.2001E+00  0.5113E+01
   2.020  0.1641E-02  0.5113E+01
   2.030  0.1872E-05  0.5113E+01
   2.040  0.2935E-09  0.5113E+01
   2.050  0.6293E-14  0.5113E+01
   2.060  0.1838E-19  0.5113E+01
   2.070  0.7298E-26  0.5113E+01
   2.080  0.3933E-33  0.5113E+01
   2.090  0.2874E-41  0.5113E+01
   2.100  0.2846E-50  0.5113E+01
   2.110  0.3817E-60  0.5113E+01
   2.120  0.6932E-71  0.5113E+01
   2.130  0.1766E-82  0.5113E+01
   2.140  0.6246E-84  0.5113E+01
   2.150  0.6246E-84  0.5113E+01
   2.160  0.6246E-84  0.5113E+01
   2.170  0.6246E-84  0.5113E+01
   2.180  0.6246E-84  0.5113E+01
   2.190  0.6246E-84  0.5113E+01
   2.200  0.6246E-84  0.5113E+01
   2.210  0.6246E-84  0.5113E+01
   2.220  0.4005E-75  0.5113E+01
   2.230  0.4902E-64  0.5113E+01
   2.240  0.8121E-54  0.5113E+01
   2.250  0.1821E-44  0.5113E+01
   2.260  0.5524E-36  0.5113E+01
   2.270  0.2268E-28  0.5113E+01
   2.280  0.1260E-21  0.5113E+01
   2.290  0.9478E-16  0.5113E+01
   2.300  0.9647E-11  0.5113E+01
   2.310  0.1329E-06  0.5113E+01
   2.320  0.2478E-03  0.5113E+01
   2.330  0.6256E-01  0.5114E+01
   2.340  0.2146E+01  0.5135E+01
   2.350  0.1021E+02  0.5237E+01
   2.360  0.7456E+01  0.5312E+01
   2.370  0.1173E+01  0.5324E+01
   2.380  0.5042E-01  0.5324E+01
   2.390  0.4200E-03  0.5324E+01
   2.400  0.5156E-06  0.5324E+01
   2.410  0.8700E-10  0.5324E+01
   2.420  0.1992E-14  0.5324E+01
   2.430  0.6175E-20  0.5324E+01
   2.440  0.4287E-22  0.5324E+01
   2.450  0.3405E-16  0.5324E+01
   2.460  0.3671E-11  0.5324E+01
   2.470  0.5387E-07  0.5324E+01
   2.480  0.1086E-03  0.5324E+01
   2.490  0.3061E-01  0.5325E+01
   2.500  0.1254E+01  0.5337E+01
   2.510  0.7921E+01  0.5416E+01
   2.520  0.8144E+01  0.5498E+01
   2.530  0.1364E+01  0.5511E+01
   2.540  0.3577E-01  0.5512E+01
   2.550  0.8122E-01  0.5513E+01
   2.560  0.2088E+01  0.5533E+01
   2.570  0.9000E+01  0.5623E+01
   2.580  0.8619E+01  0.5710E+01
   2.590  0.3227E+01  0.5742E+01
   2.600  0.4118E+00  0.5746E+01
   2.610  0.9132E-02  0.5746E+01
   2.620  0.2872E-04  0.5746E+01
   2.630  0.3535E-03  0.5746E+01
   2.640  0.6725E-01  0.5747E+01
   2.650  0.1875E+01  0.5765E+01
   2.660  0.8547E+01  0.5851E+01
   2.670  0.7154E+01  0.5923E+01
   2.680  0.1080E+01  0.5933E+01
   2.690  0.2594E-01  0.5934E+01
   2.700  0.9431E-04  0.5934E+01
   2.710  0.2400E-02  0.5934E+01
   2.720  0.1757E+00  0.5935E+01
   2.730  0.1741E+01  0.5953E+01
   2.740  0.2334E+01  0.5976E+01
   2.750  0.4236E+00  0.5980E+01
   2.760  0.1044E-01  0.5980E+01
   2.770  0.1356E-01  0.5981E+01
   2.780  0.6589E+00  0.5987E+01
   2.790  0.4346E+01  0.6031E+01
   2.800  0.3879E+01  0.6069E+01
   2.810  0.4686E+00  0.6074E+01
   2.820  0.7666E-02  0.6074E+01
   2.830  0.3065E-02  0.6074E+01
   2.840  0.2642E+00  0.6077E+01
   2.850  0.3099E+01  0.6108E+01
   2.860  0.4920E+01  0.6157E+01
   2.870  0.1057E+01  0.6168E+01
   2.880  0.3074E-01  0.6168E+01
   2.890  0.1213E-03  0.6168E+01
   2.900  0.3908E-03  0.6168E+01
   2.910  0.6902E-01  0.6169E+01
   2.920  0.1703E+01  0.6186E+01
   2.930  0.6914E+01  0.6255E+01
   2.940  0.7546E+01  0.6330E+01
   2.950  0.2387E+01  0.6354E+01
   2.960  0.1316E+00  0.6355E+01
   2.970  0.1025E-02  0.6355E+01
   2.980  0.8974E-04  0.6355E+01
   2.990  0.2476E-01  0.6356E+01
   3.000  0.9358E+00  0.6365E+01
   3.010  0.4786E+01  0.6413E+01
   3.020  0.3313E+01  0.6446E+01
   3.030  0.3104E+00  0.6449E+01
   3.040  0.3935E-02  0.6449E+01
   3.050  0.6753E-05  0.6449E+01
   3.060  0.1568E-08  0.6449E+01
   3.070  0.8054E-10  0.6449E+01
   3.080  0.5126E-06  0.6449E+01
   3.090  0.4418E-03  0.6449E+01
   3.100  0.5153E-01  0.6450E+01
   3.110  0.8136E+00  0.6458E+01
   3.120  0.1762E+01  0.6475E+01
   3.130  0.9852E+00  0.6485E+01
   3.140  0.1342E+01  0.6499E+01
   3.150  0.4902E+00  0.6504E+01
   3.160  0.2578E-01  0.6504E+01
   3.170  0.1544E+00  0.6505E+01
   3.180  0.3256E+01  0.6538E+01
   3.190  0.1497E+02  0.6688E+01
   3.200  0.1601E+02  0.6848E+01
   3.210  0.3073E+01  0.6879E+01
   3.220  0.1084E+01  0.6889E+01
   3.230  0.2644E+01  0.6916E+01
   3.240  0.9465E+00  0.6925E+01
   3.250  0.4586E-01  0.6926E+01
   3.260  0.3007E-03  0.6926E+01
   3.270  0.2668E-06  0.6926E+01
   3.280  0.3204E-10  0.6926E+01
   3.290  0.5207E-15  0.6926E+01
   3.300  0.1145E-20  0.6926E+01
   3.310  0.3409E-27  0.6926E+01
   3.320  0.1373E-34  0.6926E+01
   3.330  0.7487E-43  0.6926E+01
   3.340  0.5524E-52  0.6926E+01
   3.350  0.9973E-56  0.6926E+01
   3.360  0.3263E-46  0.6926E+01
   3.370  0.1447E-37  0.6926E+01
   3.380  0.8699E-30  0.6926E+01
   3.390  0.7090E-23  0.6926E+01
   3.400  0.7834E-17  0.6926E+01
   3.410  0.1174E-11  0.6926E+01
   3.420  0.2384E-07  0.6926E+01
   3.430  0.6565E-04  0.6926E+01
   3.440  0.2452E-01  0.6926E+01
   3.450  0.1242E+01  0.6938E+01
   3.460  0.8525E+01  0.7024E+01
   3.470  0.7938E+01  0.7103E+01
   3.480  0.1002E+01  0.7113E+01
   3.490  0.2011E-01  0.7113E+01
   3.500  0.1998E+00  0.7115E+01
   3.510  0.1829E+01  0.7134E+01
   3.520  0.2266E+01  0.7156E+01
   3.530  0.3800E+00  0.7160E+01
   3.540  0.8625E-02  0.7160E+01
   3.550  0.2665E-04  0.7160E+01
   3.560  0.2445E-03  0.7160E+01
   3.570  0.4991E-01  0.7161E+01
   3.580  0.1379E+01  0.7174E+01
   3.590  0.5157E+01  0.7226E+01
   3.600  0.2609E+01  0.7252E+01
   3.610  0.1787E+00  0.7254E+01
   3.620  0.1656E-02  0.7254E+01
   3.630  0.2552E-04  0.7254E+01
   3.640  0.7911E-02  0.7254E+01
   3.650  0.3614E+00  0.7258E+01
   3.660  0.2234E+01  0.7280E+01
   3.670  0.1869E+01  0.7299E+01
   3.680  0.2351E+00  0.7301E+01
   3.690  0.9201E+00  0.7310E+01
   3.700  0.5315E+01  0.7363E+01
   3.710  0.8950E+01  0.7453E+01
   3.720  0.9855E+01  0.7551E+01
   3.730  0.3158E+01  0.7583E+01
   3.740  0.1632E+01  0.7599E+01
   3.750  0.1253E+01  0.7612E+01
   3.760  0.1429E+00  0.7613E+01
   3.770  0.2209E-02  0.7613E+01
   3.780  0.4619E-05  0.7613E+01
   3.790  0.1307E-08  0.7613E+01
   3.800  0.2797E-09  0.7613E+01
   3.810  0.1589E-05  0.7613E+01
   3.820  0.1222E-02  0.7613E+01
   3.830  0.1272E+00  0.7615E+01
   3.840  0.1792E+01  0.7632E+01
   3.850  0.3417E+01  0.7667E+01
   3.860  0.8816E+00  0.7675E+01
   3.870  0.3078E-01  0.7676E+01
   3.880  0.1455E-03  0.7676E+01
   3.890  0.9303E-07  0.7676E+01
   3.900  0.8052E-11  0.7676E+01
   3.910  0.9431E-16  0.7676E+01
   3.920  0.1495E-21  0.7676E+01
   3.930  0.3208E-28  0.7676E+01
   3.940  0.9313E-36  0.7676E+01
   3.950  0.3659E-44  0.7676E+01
   3.960  0.1946E-53  0.7676E+01
   3.970  0.1401E-63  0.7676E+01
   3.980  0.6321E-70  0.7676E+01
   3.990  0.2926E-59  0.7676E+01
   4.000  0.1833E-49  0.7676E+01
   4.010  0.1554E-40  0.7676E+01
   4.020  0.1783E-32  0.7676E+01
   4.030  0.2769E-25  0.7676E+01
   4.040  0.5819E-19  0.7676E+01
   4.050  0.1655E-13  0.7676E+01
   4.060  0.6371E-09  0.7676E+01
   4.070  0.3319E-05  0.7676E+01
   4.080  0.2340E-02  0.7676E+01
   4.090  0.2232E+00  0.7678E+01
   4.100  0.2883E+01  0.7707E+01
   4.110  0.5038E+01  0.7757E+01
   4.120  0.1242E+01  0.7770E+01
   4.130  0.1322E+01  0.7783E+01
   4.140  0.5171E+01  0.7835E+01
   4.150  0.3869E+01  0.7873E+01
   4.160  0.5501E+00  0.7879E+01
   4.170  0.1294E-01  0.7879E+01
   4.180  0.4453E-04  0.7879E+01
   4.190  0.2127E-07  0.7879E+01
   4.200  0.1386E-11  0.7879E+01
   4.210  0.1225E-16  0.7879E+01
   4.220  0.1467E-22  0.7879E+01
   4.230  0.2376E-29  0.7879E+01
   4.240  0.5210E-37  0.7879E+01
   4.250  0.1546E-45  0.7879E+01
   4.260  0.6210E-55  0.7879E+01
   4.270  0.3376E-65  0.7879E+01
   4.280  0.2483E-76  0.7879E+01
   4.290  0.6246E-84  0.7879E+01
   4.300  0.6246E-84  0.7879E+01
   4.310  0.6246E-84  0.7879E+01
   4.320  0.6246E-84  0.7879E+01
   4.330  0.6246E-84  0.7879E+01
   4.340  0.6246E-84  0.7879E+01
   4.350  0.6246E-84  0.7879E+01
   4.360  0.1592E-75  0.7879E+01
   4.370  0.1882E-64  0.7879E+01
   4.380  0.3010E-54  0.7879E+01
   4.390  0.6517E-45  0.7879E+01
   4.400  0.1909E-36  0.7879E+01
   4.410  0.7570E-29  0.7879E+01
   4.420  0.4062E-22  0.7879E+01
   4.430  0.2950E-16  0.7879E+01
   4.440  0.2899E-11  0.7879E+01
   4.450  0.3856E-07  0.7879E+01
   4.460  0.6940E-04  0.7879E+01
   4.470  0.1691E-01  0.7879E+01
   4.480  0.5574E+00  0.7885E+01
   4.490  0.2487E+01  0.7909E+01
   4.500  0.1509E+01  0.7925E+01
   4.510  0.5099E+00  0.7930E+01
   4.520  0.2785E+01  0.7958E+01
   4.530  0.2708E+01  0.7985E+01
   4.540  0.3566E+00  0.7988E+01
   4.550  0.6355E-02  0.7988E+01
   4.560  0.1533E-04  0.7988E+01
   4.570  0.5003E-08  0.7988E+01
   4.580  0.2210E-12  0.7988E+01
   4.590  0.1321E-17  0.7988E+01
   4.600  0.1069E-23  0.7988E+01
   4.610  0.1170E-30  0.7988E+01
   4.620  0.1734E-38  0.7988E+01
   4.630  0.8891E-45  0.7988E+01
   4.640  0.2198E-36  0.7988E+01
   4.650  0.7383E-29  0.7988E+01
   4.660  0.3356E-22  0.7988E+01
   4.670  0.2064E-16  0.7988E+01
   4.680  0.1719E-11  0.7988E+01
   4.690  0.1937E-07  0.7988E+01
   4.700  0.2953E-04  0.7988E+01
   4.710  0.6095E-02  0.7988E+01
   4.720  0.1702E+00  0.7990E+01
   4.730  0.6434E+00  0.7996E+01
   4.740  0.3291E+00  0.8000E+01
   4.750  0.2279E-01  0.8000E+01
   4.760  0.2135E-03  0.8000E+01
   4.770  0.2707E-06  0.8000E+01
   4.780  0.4646E-10  0.8000E+01
   4.790  0.1079E-14  0.8000E+01
   4.800  0.3391E-20  0.8000E+01
   4.810  0.1443E-26  0.8000E+01
   4.820  0.8304E-34  0.8000E+01
   4.830  0.6470E-42  0.8000E+01
   4.840  0.6822E-51  0.8000E+01
   4.850  0.9734E-61  0.8000E+01
   4.860  0.1880E-71  0.8000E+01
   4.870  0.5537E-83  0.8000E+01
   4.880  0.6246E-84  0.8000E+01
   4.890  0.6246E-84  0.8000E+01
   4.900  0.6246E-84  0.8000E+01
   4.910  0.6246E-84  0.8000E+01
   4.920  0.6246E-84  0.8000E+01
   4.930  0.6246E-84  0.8000E+01
   4.940  0.6246E-84  0.8000E+01
   4.950  0.6246E-84  0.8000E+01
   4.960  0.6246E-84  0.8000E+01
   4.970  0.6246E-84  0.8000E+01
   4.980  0.6246E-84  0.8000E+01
   4.990  0.6246E-84  0.8000E+01
   5.000  0.6246E-84  0.8000E+01
   5.010  0.6246E-84  0.8000E+01
   5.020  0.6246E-84  0.8000E+01
   5.030  0.6246E-84  0.8000E+01
   5.040  0.6246E-84  0.8000E+01
   5.050  0.6246E-84  0.8000E+01
   5.060  0.6246E-84  0.8000E+01
   5.070  0.6246E-84  0.8000E+01
   5.080  0.6246E-84  0.8000E+01
   5.090  0.6246E-84  0.8000E+01
   5.100  0.6246E-84  0.8000E+01
   5.110  0.6246E-84  0.8000E+01
   5.120  0.6246E-84  0.8000E+01
   5.130  0.6246E-84  0.8000E+01
   5.140  0.6246E-84  0.8000E+01
   5.150  0.6246E-84  0.8000E+01
   5.160  0.6246E-84  0.8000E+01
   5.170  0.6246E-84  0.8000E+01
   5.180  0.6246E-84  0.8000E+01
   5.190  0.6246E-84  0.8000E+01
   5.200  0.6246E-84  0.8000E+01
   5.210  0.6246E-84  0.8000E+01
   5.220  0.6246E-84  0.8000E+01
   5.230  0.6246E-84  0.8000E+01
   5.240  0.6246E-84  0.8000E+01
   5.250  0.6246E-84  0.8000E+01
   5.260  0.6246E-84  0.8000E+01
   5.270  0.6246E-84  0.8000E+01
   5.280  0.6246E-84  0.8000E+01
   5.290  0.6246E-84  0.8000E+01
   5.300  0.6246E-84  0.8000E+01
   5.310  0.6246E-84  0.8000E+01
   5.320  0.6246E-84  0.8000E+01
   5.330  0.6246E-84  0.8000E+01
   5.340  0.6246E-84  0.8000E+01
   5.350  0.6246E-84  0.8000E+01
   5.360  0.6246E-84  0.8000E+01
   5.370  0.6246E-84  0.8000E+01
   5.380  0.6246E-84  0.8000E+01
   5.390  0.6246E-84  0.8000E+01
   5.400  0.6246E-84  0.8000E+01
   5.410  0.6246E-84  0.8000E+01
   5.420  0.6246E-84  0.8000E+01
   5.430  0.6246E-84  0.8000E+01
   5.440  0.6246E-84  0.8000E+01
   5.450  0.6246E-84  0.8000E+01
   5.460  0.6246E-84  0.8000E+01
   5.470  0.6246E-84  0.8000E+01
   5.480  0.6246E-84  0.8000E+01
   5.490  0.6246E-84  0.8000E+01
   5.500  0.6246E-84  0.8000E+01
   5.510  0.6246E-84  0.8000E+01
   5.520  0.6246E-84  0.8000E+01
   5.530  0.6246E-84  0.8000E+01
   5.540  0.6246E-84  0.8000E+01
   5.550  0.6246E-84  0.8000E+01
   5.560  0.6246E-84  0.8000E+01
   5.570  0.6246E-84  0.8000E+01
   5.580  0.6246E-84  0.8000E+01
   5.590  0.6246E-84  0.8000E+01
   5.600  0.6246E-84  0.8000E+01
   5.610  0.6246E-84  0.8000E+01
   5.620  0.6246E-84  0.8000E+01
   5.630  0.6246E-84  0.8000E+01
   5.640  0.6246E-84  0.8000E+01
   5.650  0.6246E-84  0.8000E+01
   5.660  0.6246E-84  0.8000E+01
   5.670  0.6246E-84  0.8000E+01
   5.680  0.6246E-84  0.8000E+01
   5.690  0.6246E-84  0.8000E+01
   5.700  0.6246E-84  0.8000E+01
   5.710  0.6246E-84  0.8000E+01
   5.720  0.6246E-84  0.8000E+01
   5.730  0.6246E-84  0.8000E+01
   5.740  0.6246E-84  0.8000E+01
   5.750  0.6246E-84  0.8000E+01
   5.760  0.6246E-84  0.8000E+01
   5.770  0.6246E-84  0.8000E+01
   5.780  0.6246E-84  0.8000E+01
   5.790  0.6246E-84  0.8000E+01
   5.800  0.6246E-84  0.8000E+01
   5.810  0.6246E-84  0.8000E+01
   5.820  0.6246E-84  0.8000E+01
   5.830  0.6246E-84  0.8000E+01
   5.840  0.6246E-84  0.8000E+01
   5.850  0.6246E-84  0.8000E+01
   5.860  0.6246E-84  0.8000E+01
   5.870  0.6246E-84  0.8000E+01
   5.880  0.6246E-84  0.8000E+01
   5.890  0.6246E-84  0.8000E+01
   5.900  0.6246E-84  0.8000E+01
   5.910  0.6246E-84  0.8000E+01
   5.920  0.6246E-84  0.8000E+01
   5.930  0.6246E-84  0.8000E+01
   5.940  0.6246E-84  0.8000E+01
   5.950  0.6246E-84  0.8000E+01
   5.960  0.6246E-84  0.8000E+01
   5.970  0.6246E-84  0.8000E+01
   5.980  0.6246E-84  0.8000E+01
   5.990  0.6246E-84  0.8000E+01
   6.000  0.6246E-84  0.8000E+01
   6.010  0.6246E-84  0.8000E+01
   6.020  0.6246E-84  0.8000E+01
   6.030  0.6246E-84  0.8000E+01
   6.040  0.6246E-84  0.8000E+01
   6.050  0.6246E-84  0.8000E+01
   6.060  0.6246E-84  0.8000E+01
   6.070  0.6246E-84  0.8000E+01
   6.080  0.6246E-84  0.8000E+01
   6.090  0.6246E-84  0.8000E+01
   6.100  0.6246E-84  0.8000E+01
   6.110  0.6246E-84  0.8000E+01
   6.120  0.6246E-84  0.8000E+01
   6.130  0.6246E-84  0.8000E+01
   6.140  0.6246E-84  0.8000E+01
   6.150  0.6246E-84  0.8000E+01
   6.160  0.6246E-84  0.8000E+01
   6.170  0.6246E-84  0.8000E+01
   6.180  0.6246E-84  0.8000E+01
   6.190  0.6246E-84  0.8000E+01
   6.200  0.6246E-84  0.8000E+01
   6.210  0.6246E-84  0.8000E+01
   6.220  0.6246E-84  0.8000E+01
   6.230  0.6246E-84  0.8000E+01
   6.240  0.6246E-84  0.8000E+01
   6.250  0.6246E-84  0.8000E+01
   6.260  0.6246E-84  0.8000E+01
   6.270  0.6246E-84  0.8000E+01
   6.280  0.6246E-84  0.8000E+01
   6.290  0.6246E-84  0.8000E+01
   6.300  0.6246E-84  0.8000E+01
   6.310  0.6246E-84  0.8000E+01
   6.320  0.6246E-84  0.8000E+01
   6.330  0.6246E-84  0.8000E+01
   6.340  0.6246E-84  0.8000E+01
   6.350  0.6246E-84  0.8000E+01
   6.360  0.6246E-84  0.8000E+01
   6.370  0.6246E-84  0.8000E+01
   6.380  0.6246E-84  0.8000E+01
   6.390  0.6246E-84  0.8000E+01
   6.400  0.6246E-84  0.8000E+01
   6.410  0.6246E-84  0.8000E+01
   6.420  0.6246E-84  0.8000E+01
   6.430  0.6246E-84  0.8000E+01
   6.440  0.6246E-84  0.8000E+01
   6.450  0.6246E-84  0.8000E+01
   6.460  0.6246E-84  0.8000E+01
   6.470  0.6246E-84  0.8000E+01
   6.480  0.6246E-84  0.8000E+01
   6.490  0.6246E-84  0.8000E+01
   6.500  0.6246E-84  0.8000E+01
   6.510  0.6246E-84  0.8000E+01
   6.520  0.6246E-84  0.8000E+01
   6.530  0.6246E-84  0.8000E+01
   6.540  0.6246E-84  0.8000E+01
   6.550  0.6246E-84  0.8000E+01
   6.560  0.6246E-84  0.8000E+01
   6.570  0.6246E-84  0.8000E+01
   6.580  0.6246E-84  0.8000E+01
   6.590  0.6246E-84  0.8000E+01
   6.600  0.6246E-84  0.8000E+01
   6.610  0.6246E-84  0.8000E+01
   6.620  0.6246E-84  0.8000E+01
   6.630  0.6246E-84  0.8000E+01
   6.640  0.6246E-84  0.8000E+01
   6.650  0.6246E-84  0.8000E+01
   6.660  0.6246E-84  0.8000E+01
   6.670  0.6246E-84  0.8000E+01
   6.680  0.6246E-84  0.8000E+01
   6.690  0.6246E-84  0.8000E+01
   6.700  0.6246E-84  0.8000E+01
   6.710  0.6246E-84  0.8000E+01
   6.720  0.6246E-84  0.8000E+01
   6.730  0.6246E-84  0.8000E+01
   6.740  0.6246E-84  0.8000E+01
   6.750  0.6246E-84  0.8000E+01
   6.760  0.6246E-84  0.8000E+01
   6.770  0.6246E-84  0.8000E+01
   6.780  0.6246E-84  0.8000E+01
   6.790  0.6246E-84  0.8000E+01
   6.800  0.6246E-84  0.8000E+01
   6.810  0.6246E-84  0.8000E+01
   6.820  0.6246E-84  0.8000E+01
   6.830  0.6246E-84  0.8000E+01
   6.840  0.6246E-84  0.8000E+01
   6.850  0.6246E-84  0.8000E+01
   6.860  0.6246E-84  0.8000E+01
   6.870  0.6246E-84  0.8000E+01
   6.880  0.6246E-84  0.8000E+01
   6.890  0.6246E-84  0.8000E+01
   6.900  0.6246E-84  0.8000E+01
   6.910  0.6246E-84  0.8000E+01
   6.920  0.6246E-84  0.8000E+01
   6.930  0.6246E-84  0.8000E+01
   6.940  0.6246E-84  0.8000E+01
   6.950  0.6246E-84  0.8000E+01
   6.960  0.6246E-84  0.8000E+01
   6.970  0.6246E-84  0.8000E+01
   6.980  0.6246E-84  0.8000E+01
   6.990  0.6246E-84  0.8000E+01
   7.000  0.6246E-84  0.8000E+01
   7.010  0.6246E-84  0.8000E+01
   7.020  0.6246E-84  0.8000E+01
   7.030  0.6246E-84  0.8000E+01
   7.040  0.6246E-84  0.8000E+01
   7.050  0.6246E-84  0.8000E+01
   7.060  0.6246E-84  0.8000E+01
   7.070  0.6246E-84  0.8000E+01
   7.080  0.6246E-84  0.8000E+01
   7.090  0.6246E-84  0.8000E+01
   7.100  0.6246E-84  0.8000E+01
   7.110  0.6246E-84  0.8000E+01
   7.120  0.6246E-84  0.8000E+01
   7.130  0.6246E-84  0.8000E+01
   7.140  0.6246E-84  0.8000E+01
   7.150  0.6246E-84  0.8000E+01
   7.160  0.6246E-84  0.8000E+01
   7.170  0.6246E-84  0.8000E+01
   7.180  0.6246E-84  0.8000E+01
   7.190  0.6246E-84  0.8000E+01
   7.200  0.6246E-84  0.8000E+01
   7.210  0.6246E-84  0.8000E+01
   7.220  0.6246E-84  0.8000E+01
   7.230  0.6246E-84  0.8000E+01
   7.240  0.6246E-84  0.8000E+01
   7.250  0.6246E-84  0.8000E+01
   7.260  0.6246E-84  0.8000E+01
   7.270  0.6246E-84  0.8000E+01
   7.280  0.6246E-84  0.8000E+01
   7.290  0.6246E-84  0.8000E+01
   7.300  0.6246E-84  0.8000E+01
   7.310  0.6246E-84  0.8000E+01
   7.320  0.6246E-84  0.8000E+01
   7.330  0.6246E-84  0.8000E+01
   7.340  0.6246E-84  0.8000E+01
   7.350  0.6246E-84  0.8000E+01
   7.360  0.6246E-84  0.8000E+01
   7.370  0.6246E-84  0.8000E+01
   7.380  0.6246E-84  0.8000E+01
   7.390  0.6246E-84  0.8000E+01
   7.400  0.6246E-84  0.8000E+01
   7.410  0.6246E-84  0.8000E+01
   7.420  0.6246E-84  0.8000E+01
   7.430  0.6246E-84  0.8000E+01
   7.440  0.6246E-84  0.8000E+01
   7.450  0.6246E-84  0.8000E+01
   7.460  0.6246E-84  0.8000E+01
   7.470  0.6246E-84  0.8000E+01
   7.480  0.6246E-84  0.8000E+01
   7.490  0.6246E-84  0.8000E+01
   7.500  0.6246E-84  0.8000E+01
   7.510  0.6246E-84  0.8000E+01
   7.520  0.6246E-84  0.8000E+01
   7.530  0.6246E-84  0.8000E+01
   7.540  0.6246E-84  0.8000E+01
   7.550  0.6246E-84  0.8000E+01
   7.560  0.6246E-84  0.8000E+01
   7.570  0.6246E-84  0.8000E+01
   7.580  0.6246E-84  0.8000E+01
   7.590  0.6246E-84  0.8000E+01
   7.600  0.6246E-84  0.8000E+01
   7.610  0.6246E-84  0.8000E+01
   7.620  0.6246E-84  0.8000E+01
   7.630  0.6246E-84  0.8000E+01
   7.640  0.6246E-84  0.8000E+01
   7.650  0.6246E-84  0.8000E+01
   7.660  0.6246E-84  0.8000E+01
   7.670  0.6246E-84  0.8000E+01
   7.680  0.6246E-84  0.8000E+01
   7.690  0.6246E-84  0.8000E+01
   7.700  0.6246E-84  0.8000E+01
   7.710  0.6246E-84  0.8000E+01
   7.720  0.6246E-84  0.8000E+01
   7.730  0.6246E-84  0.8000E+01
   7.740  0.6246E-84  0.8000E+01
   7.750  0.6246E-84  0.8000E+01
   7.760  0.6246E-84  0.8000E+01
   7.770  0.6246E-84  0.8000E+01
   7.780  0.6246E-84  0.8000E+01
   7.790  0.6246E-84  0.8000E+01
   7.800  0.6246E-84  0.8000E+01
   7.810  0.6246E-84  0.8000E+01
   7.820  0.6246E-84  0.8000E+01
   7.830  0.6246E-84  0.8000E+01
   7.840  0.6246E-84  0.8000E+01
   7.850  0.6246E-84  0.8000E+01
   7.860  0.6246E-84  0.8000E+01
   7.870  0.6246E-84  0.8000E+01
   7.880  0.6246E-84  0.8000E+01
   7.890  0.6246E-84  0.8000E+01
   7.900  0.6246E-84  0.8000E+01
   7.910  0.6246E-84  0.8000E+01
   7.920  0.6246E-84  0.8000E+01
   7.930  0.6246E-84  0.8000E+01
   7.940  0.6246E-84  0.8000E+01
   7.950  0.6246E-84  0.8000E+01
   7.960  0.6246E-84  0.8000E+01
   7.970  0.6246E-84  0.8000E+01
   7.980  0.6246E-84  0.8000E+01
   7.990  0.6246E-84  0.8000E+01
   8.000  0.6246E-84  0.8000E+01
   8.010  0.6246E-84  0.8000E+01
   8.020  0.6246E-84  0.8000E+01
   8.030  0.6246E-84  0.8000E+01
   8.040  0.6246E-84  0.8000E+01
   8.050  0.6246E-84  0.8000E+01
   8.060  0.6246E-84  0.8000E+01
   8.070  0.6246E-84  0.8000E+01
   8.080  0.6246E-84  0.8000E+01
   8.090  0.6246E-84  0.8000E+01
   8.100  0.6246E-84  0.8000E+01
   8.110  0.6246E-84  0.8000E+01
   8.120  0.6246E-84  0.8000E+01
   8.130  0.6246E-84  0.8000E+01
   8.140  0.6246E-84  0.8000E+01
   8.150  0.6246E-84  0.8000E+01
   8.160  0.6246E-84  0.8000E+01
   8.170  0.6246E-84  0.8000E+01
   8.180  0.6246E-84  0.8000E+01
   8.190  0.6246E-84  0.8000E+01
   8.200  0.6246E-84  0.8000E+01
   8.210  0.6246E-84  0.8000E+01
   8.220  0.6246E-84  0.8000E+01
   8.230  0.6246E-84  0.8000E+01
   8.240  0.6246E-84  0.8000E+01
   8.250  0.6246E-84  0.8000E+01
   8.260  0.6246E-84  0.8000E+01
   8.270  0.6246E-84  0.8000E+01
   8.280  0.6246E-84  0.8000E+01
   8.290  0.6246E-84  0.8000E+01
   8.300  0.6246E-84  0.8000E+01
   8.310  0.6246E-84  0.8000E+01
   8.320  0.6246E-84  0.8000E+01
   8.330  0.6246E-84  0.8000E+01
   8.340  0.6246E-84  0.8000E+01
   8.350  0.6246E-84  0.8000E+01
   8.360  0.6246E-84  0.8000E+01
   8.370  0.6246E-84  0.8000E+01
   8.380  0.6246E-84  0.8000E+01
   8.390  0.6246E-84  0.8000E+01
   8.400  0.6246E-84  0.8000E+01
   8.410  0.6246E-84  0.8000E+01
   8.420  0.6246E-84  0.8000E+01
   8.430  0.6246E-84  0.8000E+01
   8.440  0.6246E-84  0.8000E+01
   8.450  0.6246E-84  0.8000E+01
   8.460  0.6246E-84  0.8000E+01
   8.470  0.6246E-84  0.8000E+01
   8.480  0.6246E-84  0.8000E+01
   8.490  0.6246E-84  0.8000E+01
   8.500  0.6246E-84  0.8000E+01
   8.510  0.6246E-84  0.8000E+01
   8.520  0.6246E-84  0.8000E+01
   8.530  0.6246E-84  0.8000E+01
   8.540  0.6246E-84  0.8000E+01
   8.550  0.6246E-84  0.8000E+01
   8.560  0.6246E-84  0.8000E+01
   8.570  0.6246E-84  0.8000E+01
   8.580  0.6246E-84  0.8000E+01
   8.590  0.6246E-84  0.8000E+01
   8.600  0.6246E-84  0.8000E+01
   8.610  0.6246E-84  0.8000E+01
   8.620  0.6246E-84  0.8000E+01
   8.630  0.6246E-84  0.8000E+01
   8.640  0.6246E-84  0.8000E+01
   8.650  0.6246E-84  0.8000E+01
   8.660  0.6246E-84  0.8000E+01
   8.670  0.6246E-84  0.8000E+01
   8.680  0.6246E-84  0.8000E+01
   8.690  0.6246E-84  0.8000E+01
   8.700  0.6246E-84  0.8000E+01
   8.710  0.6246E-84  0.8000E+01
   8.720  0.6246E-84  0.8000E+01
   8.730  0.6246E-84  0.8000E+01
   8.740  0.6246E-84  0.8000E+01
   8.750  0.6246E-84  0.8000E+01
   8.760  0.6246E-84  0.8000E+01
   8.770  0.6246E-84  0.8000E+01
   8.780  0.6246E-84  0.8000E+01
   8.790  0.6246E-84  0.8000E+01
   8.800  0.6246E-84  0.8000E+01
   8.810  0.6246E-84  0.8000E+01
   8.820  0.6246E-84  0.8000E+01
   8.830  0.6246E-84  0.8000E+01
   8.840  0.6246E-84  0.8000E+01
   8.850  0.6246E-84  0.8000E+01
   8.860  0.6246E-84  0.8000E+01
   8.870  0.6246E-84  0.8000E+01
   8.880  0.6246E-84  0.8000E+01
   8.890  0.6246E-84  0.8000E+01
   8.900  0.6246E-84  0.8000E+01
   8.910  0.6246E-84  0.8000E+01
   8.920  0.6246E-84  0.8000E+01
   8.930  0.6246E-84  0.8000E+01
   8.940  0.6246E-84  0.8000E+01
   8.950  0.6246E-84  0.8000E+01
   8.960  0.6246E-84  0.8000E+01
   8.970  0.6246E-84  0.8000E+01
   8.980  0.6246E-84  0.8000E+01
   8.990  0.6246E-84  0.8000E+01
   9.000  0.6246E-84  0.8000E+01
   9.010  0.6246E-84  0.8000E+01
   9.020  0.6246E-84  0.8000E+01
   9.030  0.6246E-84  0.8000E+01
   9.040  0.6246E-84  0.8000E+01
   9.050  0.6246E-84  0.8000E+01
   9.060  0.6246E-84  0.8000E+01
   9.070  0.6246E-84  0.8000E+01
   9.080  0.6246E-84  0.8000E+01
   9.090  0.6246E-84  0.8000E+01
   9.100  0.6246E-84  0.8000E+01
   9.110  0.6246E-84  0.8000E+01
   9.120  0.6246E-84  0.8000E+01
   9.130  0.6246E-84  0.8000E+01
   9.140  0.6246E-84  0.8000E+01
   9.150  0.6246E-84  0.8000E+01
   9.160  0.6246E-84  0.8000E+01
   9.170  0.6246E-84  0.8000E+01
   9.180  0.6246E-84  0.8000E+01
   9.190  0.6246E-84  0.8000E+01
   9.200  0.6246E-84  0.8000E+01
   9.210  0.6246E-84  0.8000E+01
   9.220  0.6246E-84  0.8000E+01
   9.230  0.6246E-84  0.8000E+01
   9.240  0.6246E-84  0.8000E+01
   9.250  0.6246E-84  0.8000E+01
   9.260  0.6246E-84  0.8000E+01
   9.270  0.6246E-84  0.8000E+01
   9.280  0.6246E-84  0.8000E+01
   9.290  0.6246E-84  0.8000E+01
   9.300  0.6246E-84  0.8000E+01
   9.310  0.6246E-84  0.8000E+01
   9.320  0.6246E-84  0.8000E+01
   9.330  0.6246E-84  0.8000E+01
   9.340  0.6246E-84  0.8000E+01
   9.350  0.6246E-84  0.8000E+01
   9.360  0.6246E-84  0.8000E+01
   9.370  0.6246E-84  0.8000E+01
   9.380  0.6246E-84  0.8000E+01
   9.390  0.6246E-84  0.8000E+01
   9.400  0.6246E-84  0.8000E+01
   9.410  0.6246E-84  0.8000E+01
   9.420  0.6246E-84  0.8000E+01
   9.430  0.6246E-84  0.8000E+01
   9.440  0.6246E-84  0.8000E+01
   9.450  0.6246E-84  0.8000E+01
   9.460  0.6246E-84  0.8000E+01
   9.470  0.6246E-84  0.8000E+01
   9.480  0.6246E-84  0.8000E+01
   9.490  0.6246E-84  0.8000E+01
   9.500  0.6246E-84  0.8000E+01
   9.510  0.6246E-84  0.8000E+01
   9.520  0.6246E-84  0.8000E+01
   9.530  0.6246E-84  0.8000E+01
   9.540  0.6246E-84  0.8000E+01
   9.550  0.6246E-84  0.8000E+01
   9.560  0.6246E-84  0.8000E+01
   9.570  0.6246E-84  0.8000E+01
   9.580  0.6246E-84  0.8000E+01
   9.590  0.6246E-84  0.8000E+01
   9.600  0.6246E-84  0.8000E+01
   9.610  0.6246E-84  0.8000E+01
   9.620  0.6246E-84  0.8000E+01
   9.630  0.6246E-84  0.8000E+01
   9.640  0.6246E-84  0.8000E+01
   9.650  0.6246E-84  0.8000E+01
   9.660  0.6246E-84  0.8000E+01
   9.670  0.6246E-84  0.8000E+01
   9.680  0.6246E-84  0.8000E+01
   9.690  0.6246E-84  0.8000E+01
   9.700  0.6246E-84  0.8000E+01
   9.710  0.6246E-84  0.8000E+01
   9.720  0.6246E-84  0.8000E+01
   9.730  0.6246E-84  0.8000E+01
   9.740  0.6246E-84  0.8000E+01
   9.750  0.6246E-84  0.8000E+01
   9.760  0.6246E-84  0.8000E+01
   9.770  0.6246E-84  0.8000E+01
   9.780  0.6246E-84  0.8000E+01
   9.790  0.6246E-84  0.8000E+01
   9.800  0.6246E-84  0.8000E+01
   9.810  0.6246E-84  0.8000E+01
   9.820  0.6246E-84  0.8000E+01
   9.830  0.6246E-84  0.8000E+01
   9.840  0.6246E-84  0.8000E+01
   9.850  0.6246E-84  0.8000E+01
   9.860  0.6246E-84  0.8000E+01
   9.870  0.6246E-84  0.8000E+01
   9.880  0.6246E-84  0.8000E+01
   9.890  0.6246E-84  0.8000E+01
   9.900  0.6246E-84  0.8000E+01
   9.910  0.6246E-84  0.8000E+01
   9.920  0.6246E-84  0.8000E+01
   9.930  0.6246E-84  0.8000E+01
   9.940  0.6246E-84  0.8000E+01
   9.950  0.6246E-84  0.8000E+01
   9.960  0.6246E-84  0.8000E+01
   9.970  0.6246E-84  0.8000E+01
   9.980  0.6246E-84  0.8000E+01
   9.990  0.6246E-84  0.8000E+01
  10.000  0.6246E-84  0.8000E+01
