
     Program DOS v.6.7MaX starts on 10Jun2025 at  0:52:19 

     This program is part of the open-source Quantum ESPRESSO suite
     for quantum simulation of materials; please cite
         "P. Giannozzi et al., J. Phys.:Condens. Matter 21 395502 (2009);
         "P. Giannozzi et al., J. Phys.:Condens. Matter 29 465901 (2017);
          URL http://www.quantum-espresso.org", 
     in publications or presentations arising from this work. More details at
     http://www.quantum-espresso.org/quote

     Parallel version (MPI), running on     8 processors

     MPI processes distributed on     1 nodes
     R & G space division:  proc/nbgrp/npool/nimage =       8

     Reading xml data from directory:

     /home/ayush/personal/material_study/out/mp-149_si_p_doping/si_p.save/
     file P.UPF: wavefunction(s)  3S 3P renormalized
     file Si.UPF: wavefunction(s)  3S 3P renormalized

     IMPORTANT: XC functional enforced from input :
     Exchange-correlation= PBE
                           (   1   4   3   4   0   0   0)
     Any further DFT definition will be discarded
     Please, verify this is what you really want


     Parallelization info
     --------------------
     sticks:   dense  smooth     PW     G-vecs:    dense   smooth      PW
     Min         108      54     18                 2120      747     142
     Max         110      55     20                 2121      750     143
     Sum         871     433    151                16961     5985    1139


     Gaussian broadening (default values): ngauss,degauss=   0    0.000735


     DOS          :      0.37s CPU      0.39s WALL


   This run was terminated on:   0:52:19  10Jun2025            

=------------------------------------------------------------------------------=
   JOB DONE.
=------------------------------------------------------------------------------=
